SF:D:\Users\Simon\Workspaces\cell\packages\cell_tissue\lib\src\internal\tissue_list.dart
DA:27,5
DA:38,5
DA:40,1
DA:51,1
DA:52,1
DA:53,1
DA:58,4
DA:74,1
DA:76,1
DA:77,1
DA:78,1
DA:79,1
DA:80,1
DA:81,2
DA:82,1
DA:182,5
DA:191,5
DA:238,4
DA:299,1
DA:302,1
DA:350,3
DA:351,3
DA:368,2
DA:370,16
DA:397,4
DA:404,8
DA:412,5
DA:419,10
DA:427,1
DA:428,1
DA:430,1
DA:432,1
DA:436,4
DA:455,1
DA:457,5
DA:532,5
DA:534,5
DA:542,5
DA:545,5
DA:561,1
DA:562,1
DA:569,3
DA:570,6
DA:596,1
DA:597,2
DA:599,3
DA:600,3
DA:601,1
DA:604,1
DA:606,3
DA:635,1
DA:636,1
DA:637,1
DA:642,2
DA:643,4
DA:644,4
DA:646,6
DA:647,2
DA:649,6
DA:652,2
DA:653,2
DA:655,1
DA:657,2
DA:658,1
DA:659,1
DA:664,1
DA:665,2
DA:728,2
DA:730,2
DA:732,1
DA:778,2
DA:780,2
DA:793,1
DA:806,1
DA:807,1
DA:893,4
DA:895,20
DA:896,20
DA:897,12
DA:898,24
DA:913,5
DA:914,15
DA:924,1
DA:926,1
DA:927,4
DA:932,5
DA:933,15
DA:943,1
DA:944,3
DA:950,1
DA:951,3
DA:962,2
DA:963,6
DA:973,2
DA:974,6
DA:980,1
DA:981,3
DA:987,1
DA:988,2
DA:998,2
DA:1000,7
DA:1006,1
DA:1007,3
DA:1013,1
DA:1014,3
DA:1022,1
DA:1023,3
DA:1032,1
DA:1033,3
DA:1040,1
DA:1041,3
DA:1050,2
DA:1052,6
DA:1054,1
DA:1063,2
DA:1065,4
DA:1067,1
DA:1077,1
DA:1078,3
DA:1086,1
DA:1087,3
DA:1094,1
DA:1095,3
DA:1104,1
DA:1106,3
DA:1113,1
DA:1114,3
DA:1120,1
DA:1121,3
DA:1127,4
DA:1136,1
DA:1141,8
DA:1143,9
DA:1144,0
DA:1145,0
DA:1147,6
DA:1148,9
DA:1149,6
DA:1150,3
DA:1151,6
DA:1152,3
DA:1153,6
DA:1154,9
DA:1155,2
DA:1156,3
DA:1157,2
DA:1158,3
DA:1159,2
DA:1160,3
DA:1161,2
DA:1162,3
DA:1163,2
DA:1164,3
DA:1165,2
DA:1166,3
DA:1167,2
DA:1168,3
DA:1169,2
DA:1170,3
DA:1171,2
DA:1172,3
DA:1173,2
DA:1174,3
DA:1175,2
DA:1176,3
DA:1177,2
DA:1178,3
DA:1179,2
DA:1180,3
DA:1181,2
DA:1182,3
DA:1183,2
DA:1184,3
DA:1188,1
DA:1197,3
DA:1198,15
DA:1199,12
DA:1201,3
DA:1202,3
DA:1204,3
DA:1206,9
DA:1213,1
DA:1215,1
DA:1216,1
DA:1217,2
DA:1218,4
DA:1219,4
DA:1220,1
DA:1222,1
DA:1223,3
DA:1227,1
DA:1228,4
DA:1229,4
DA:1230,2
DA:1231,3
DA:1238,1
DA:1240,1
DA:1241,1
DA:1242,4
DA:1243,2
DA:1244,4
DA:1245,4
DA:1246,2
DA:1249,1
DA:1250,3
DA:1252,3
DA:1259,3
DA:1260,6
DA:1261,12
DA:1262,15
DA:1263,12
DA:1264,3
DA:1266,9
DA:1274,1
DA:1276,1
DA:1277,1
DA:1278,5
DA:1279,2
DA:1280,4
DA:1281,4
DA:1282,2
DA:1285,1
DA:1286,4
DA:1288,3
DA:1295,1
DA:1296,3
DA:1299,1
DA:1300,7
DA:1301,4
DA:1302,4
DA:1303,1
DA:1305,3
DA:1313,1
DA:1314,4
DA:1317,1
DA:1320,1
DA:1321,5
DA:1322,4
DA:1323,1
DA:1325,3
DA:1332,1
DA:1333,5
DA:1334,4
DA:1336,1
DA:1337,3
DA:1339,1
DA:1341,3
DA:1348,1
DA:1350,1
DA:1351,1
DA:1352,2
DA:1353,4
DA:1354,6
DA:1355,1
DA:1358,1
DA:1359,4
DA:1360,3
DA:1361,2
DA:1362,3
DA:1369,1
DA:1370,7
DA:1371,4
DA:1372,4
DA:1373,4
DA:1374,1
DA:1376,3
DA:1384,1
DA:1385,5
DA:1386,6
DA:1391,1
DA:1393,1
DA:1394,1
DA:1395,4
DA:1396,2
DA:1397,4
DA:1398,4
DA:1399,2
DA:1402,1
DA:1403,4
DA:1405,3
DA:1412,1
DA:1414,1
DA:1415,7
DA:1416,4
DA:1417,1
DA:1418,4
DA:1419,4
DA:1420,2
DA:1421,3
DA:1428,1
DA:1430,1
DA:1431,7
DA:1432,4
DA:1433,1
DA:1434,4
DA:1435,3
DA:1436,2
DA:1437,3
DA:1444,1
DA:1446,1
DA:1447,10
DA:1448,4
DA:1449,1
DA:1450,4
DA:1451,4
DA:1452,2
DA:1453,3
DA:1460,1
DA:1461,1
DA:1462,4
DA:1463,4
DA:1466,5
DA:1468,3
DA:1475,1
DA:1476,1
DA:1477,4
DA:1478,4
DA:1481,5
DA:1483,3
DA:1554,1
DA:1569,1
DA:1570,4
DA:1573,5
DA:1575,5
DA:1577,5
DA:1579,5
DA:1581,5
DA:1583,1
DA:1584,4
DA:1586,1
DA:1587,4
DA:1589,1
DA:1590,4
DA:1592,1
DA:1593,4
DA:1595,1
DA:1596,4
DA:1598,5
DA:1600,5
DA:1602,1
DA:1603,4
DA:1605,1
DA:1606,4
DA:1608,1
DA:1609,4
DA:1611,1
DA:1612,4
DA:1614,5
DA:1616,1
DA:1617,4
DA:1637,1
DA:1640,1
DA:1642,2
DA:1645,1
DA:1646,2
DA:1649,1
DA:1650,2
DA:1653,1
DA:1654,2
DA:1657,1
DA:1658,2
DA:1661,1
DA:1662,2
DA:1665,1
DA:1666,2
DA:1669,1
DA:1670,2
DA:1673,1
DA:1674,2
DA:1677,1
DA:1678,2
DA:1681,1
DA:1682,2
DA:1685,1
DA:1686,2
DA:1689,1
DA:1690,2
DA:1693,1
DA:1694,2
DA:1697,1
DA:1698,2
DA:1701,1
DA:1702,2
DA:1705,1
DA:1706,2
DA:1709,1
DA:1710,2
DA:1713,1
DA:1714,2
DA:1717,0
DA:1718,0
DA:1720,1
DA:1728,2
LF:393
LH:389
end_of_record
SF:D:\Users\Simon\Workspaces\cell\packages\cell_tissue\lib\src\internal\test_tissue.dart
DA:59,20
DA:61,6
DA:63,6
DA:64,2
DA:68,8
DA:73,8
DA:78,8
DA:83,1
DA:88,1
DA:142,20
DA:144,1
DA:146,1
DA:147,1
DA:148,1
DA:153,1
DA:155,2
DA:158,1
DA:160,1
DA:161,1
LF:19
LH:19
end_of_record
SF:D:\Users\Simon\Workspaces\cell\packages\cell_tissue\lib\src\internal\tissue_queue.dart
DA:27,1
DA:38,1
DA:40,1
DA:53,1
DA:54,1
DA:55,1
DA:61,2
DA:77,1
DA:79,1
DA:80,1
DA:81,1
DA:82,1
DA:83,1
DA:84,2
DA:85,1
DA:87,3
DA:219,1
DA:231,1
DA:274,2
DA:334,1
DA:337,1
DA:386,1
DA:387,1
DA:404,1
DA:406,8
DA:431,1
DA:432,9
DA:457,1
DA:465,2
DA:475,1
DA:483,2
DA:493,1
DA:494,1
DA:496,1
DA:498,4
DA:501,1
DA:503,1
DA:507,2
DA:570,1
DA:571,1
DA:649,2
DA:669,1
DA:670,1
DA:676,1
DA:677,2
DA:702,1
DA:703,2
DA:705,3
DA:706,3
DA:707,1
DA:710,1
DA:712,3
DA:742,1
DA:743,1
DA:744,1
DA:749,1
DA:750,2
DA:751,4
DA:752,2
DA:754,3
DA:755,1
DA:757,3
DA:760,1
DA:761,1
DA:762,1
DA:764,2
DA:765,1
DA:766,1
DA:771,1
DA:772,2
DA:834,1
DA:835,1
DA:837,1
DA:884,1
DA:894,1
DA:904,1
DA:905,1
DA:907,0
DA:908,0
DA:956,1
DA:958,1
DA:959,1
DA:960,1
DA:961,1
DA:962,1
DA:963,1
DA:964,1
DA:965,1
DA:966,1
DA:967,1
DA:973,2
DA:974,6
DA:976,1
DA:977,4
DA:981,2
DA:982,6
DA:984,1
DA:985,3
DA:987,2
DA:988,6
DA:990,2
DA:991,6
DA:993,1
DA:994,2
DA:996,2
DA:998,7
DA:1000,2
DA:1002,4
DA:1004,1
DA:1006,1
DA:1009,2
DA:1011,4
DA:1013,1
DA:1015,1
DA:1018,1
DA:1019,3
DA:1021,1
DA:1022,3
DA:1026,2
DA:1029,5
DA:1030,5
DA:1031,7
DA:1032,1
DA:1034,3
DA:1042,2
DA:1045,5
DA:1046,5
DA:1047,4
DA:1048,4
DA:1050,4
DA:1051,0
DA:1054,1
DA:1056,3
DA:1064,2
DA:1067,5
DA:1068,5
DA:1069,4
DA:1070,4
DA:1072,4
DA:1073,0
DA:1076,1
DA:1078,3
DA:1086,1
DA:1089,4
DA:1090,5
DA:1091,7
DA:1092,6
DA:1093,1
DA:1094,1
DA:1095,2
DA:1096,3
DA:1104,1
DA:1107,4
DA:1108,4
DA:1109,10
DA:1110,6
DA:1111,1
DA:1112,2
DA:1114,3
DA:1122,2
DA:1125,5
DA:1126,5
DA:1128,4
DA:1129,1
DA:1134,8
DA:1135,1
DA:1137,3
DA:1145,2
DA:1148,5
DA:1149,4
DA:1150,3
DA:1151,14
DA:1152,4
DA:1153,3
DA:1155,1
DA:1157,3
DA:1165,2
DA:1168,5
DA:1169,4
DA:1170,3
DA:1171,14
DA:1172,4
DA:1173,0
DA:1175,1
DA:1177,3
DA:1185,1
DA:1188,4
DA:1189,5
DA:1190,11
DA:1191,6
DA:1192,1
DA:1193,2
DA:1195,3
DA:1203,1
DA:1206,4
DA:1207,5
DA:1208,11
DA:1209,6
DA:1210,1
DA:1211,2
DA:1213,3
DA:1222,2
DA:1232,1
DA:1237,6
DA:1239,0
DA:1241,4
DA:1242,6
DA:1244,4
DA:1245,6
DA:1247,4
DA:1248,6
DA:1250,4
DA:1251,3
DA:1253,4
DA:1254,3
DA:1256,4
DA:1257,6
DA:1259,4
DA:1260,6
DA:1262,4
DA:1263,6
DA:1265,2
DA:1266,3
DA:1268,2
DA:1269,3
DA:1271,0
DA:1336,1
DA:1349,1
DA:1350,4
DA:1364,1
DA:1365,4
DA:1383,5
DA:1397,5
DA:1406,1
DA:1407,4
DA:1420,1
DA:1421,4
DA:1435,1
DA:1436,4
DA:1449,1
DA:1450,4
DA:1465,0
DA:1466,0
DA:1483,0
DA:1484,0
DA:1504,1
DA:1506,1
DA:1508,2
DA:1511,1
DA:1512,2
DA:1515,1
DA:1517,2
DA:1520,1
DA:1522,2
DA:1525,1
DA:1527,2
DA:1530,1
DA:1532,2
DA:1535,1
DA:1537,2
DA:1540,1
DA:1542,2
DA:1545,1
DA:1547,2
DA:1550,1
DA:1552,2
DA:1555,0
DA:1556,0
DA:1558,1
DA:1566,2
LF:270
LH:257
end_of_record
SF:D:\Users\Simon\Workspaces\cell\packages\cell_tissue\lib\src\tissue_pulse.dart
DA:346,2
DA:348,1
DA:349,2
DA:370,1
DA:372,1
DA:375,1
DA:378,1
DA:380,1
DA:383,1
DA:386,1
DA:387,1
DA:389,1
DA:392,1
DA:394,1
DA:397,1
DA:399,1
DA:475,5
DA:490,5
DA:699,6
DA:714,6
DA:767,6
DA:782,6
DA:923,3
DA:938,3
LF:24
LH:24
end_of_record
SF:D:\Users\Simon\Workspaces\cell\packages\cell_tissue\lib\src\tissue_list.dart
DA:232,2
DA:246,2
DA:250,2
DA:255,1
DA:261,1
DA:630,1
DA:644,1
DA:655,1
DA:1027,1
DA:1042,1
DA:1043,1
LF:11
LH:11
end_of_record
SF:D:\Users\Simon\Workspaces\cell\packages\cell_tissue\lib\src\internal\tissue.dart
DA:34,1
DA:42,2
DA:51,1
DA:57,2
DA:65,1
DA:66,1
DA:68,1
DA:75,1
DA:78,1
DA:79,1
DA:81,1
DA:82,3
DA:84,1
DA:85,3
DA:87,1
DA:88,3
DA:90,1
DA:91,3
DA:93,1
DA:94,3
DA:96,1
DA:97,3
DA:99,1
DA:102,1
DA:103,2
DA:130,1
DA:136,2
DA:137,1
DA:138,1
DA:141,3
DA:145,1
DA:148,1
DA:153,3
DA:210,10
DA:216,1
DA:224,1
DA:238,1
DA:239,1
DA:246,1
DA:252,1
DA:253,1
DA:259,1
DA:263,1
DA:270,1
DA:271,2
DA:273,1
DA:276,1
DA:279,1
DA:301,1
DA:305,1
DA:417,10
DA:418,10
DA:419,60
DA:421,30
DA:425,8
DA:426,16
DA:502,5
DA:507,5
DA:508,5
DA:509,4
DA:510,4
DA:511,2
DA:515,5
DA:516,15
DA:522,7
DA:523,21
DA:526,3
DA:528,9
DA:532,4
DA:534,12
DA:560,1
DA:561,1
DA:562,1
DA:567,1
DA:568,2
DA:570,3
DA:571,1
DA:573,4
DA:576,1
DA:577,1
DA:579,1
DA:581,1
DA:584,1
DA:585,2
DA:587,1
DA:635,1
DA:657,7
DA:658,7
DA:659,7
DA:660,42
DA:663,1
DA:664,5
DA:696,5
DA:701,2
DA:703,2
DA:704,8
DA:705,2
DA:709,2
DA:710,6
DA:716,6
DA:717,18
DA:747,3
DA:749,18
DA:751,12
DA:753,1
DA:754,7
DA:755,1
DA:757,3
DA:815,6
LF:109
LH:109
end_of_record
SF:D:\Users\Simon\Workspaces\cell\packages\cell_tissue\lib\src\internal\tissue_set.dart
DA:26,1
DA:36,1
DA:38,1
DA:50,1
DA:51,1
DA:52,1
DA:58,2
DA:74,1
DA:76,1
DA:77,1
DA:78,1
DA:79,1
DA:80,1
DA:81,2
DA:82,1
DA:206,1
DA:215,1
DA:256,2
DA:315,1
DA:318,1
DA:367,1
DA:369,1
DA:385,1
DA:387,1
DA:388,5
DA:389,2
DA:417,1
DA:424,2
DA:433,1
DA:440,2
DA:449,1
DA:450,1
DA:452,1
DA:454,1
DA:458,2
DA:460,1
DA:461,1
DA:539,1
DA:540,1
DA:552,1
DA:554,1
DA:555,1
DA:556,1
DA:557,1
DA:558,1
DA:559,1
DA:560,1
DA:561,1
DA:579,1
DA:580,1
DA:587,1
DA:588,2
DA:613,1
DA:619,2
DA:623,3
DA:624,1
DA:627,1
DA:634,3
DA:667,1
DA:668,1
DA:669,1
DA:674,1
DA:675,2
DA:676,2
DA:678,3
DA:679,1
DA:681,4
DA:684,1
DA:685,1
DA:687,1
DA:689,2
DA:690,1
DA:691,1
DA:696,1
DA:697,2
DA:764,1
DA:766,1
DA:842,1
DA:844,1
DA:852,1
DA:859,1
DA:867,1
DA:868,1
DA:922,1
DA:923,3
DA:926,2
DA:927,6
DA:932,1
DA:934,3
DA:935,1
DA:943,1
DA:945,7
DA:949,2
DA:950,6
DA:956,2
DA:958,7
DA:964,2
DA:965,6
DA:968,2
DA:969,4
DA:974,2
DA:976,7
DA:979,2
DA:980,6
DA:983,2
DA:984,6
DA:987,2
DA:988,6
DA:991,2
DA:992,6
DA:997,1
DA:999,4
DA:1000,7
DA:1001,1
DA:1003,3
DA:1010,1
DA:1012,4
DA:1013,1
DA:1014,7
DA:1015,5
DA:1016,1
DA:1017,2
DA:1018,2
DA:1020,4
DA:1022,3
DA:1029,1
DA:1031,4
DA:1032,1
DA:1033,10
DA:1034,5
DA:1035,1
DA:1036,2
DA:1037,2
DA:1039,3
DA:1041,3
DA:1048,1
DA:1050,4
DA:1051,1
DA:1052,8
DA:1053,1
DA:1055,3
DA:1062,1
DA:1064,4
DA:1065,3
DA:1066,1
DA:1067,10
DA:1068,5
DA:1069,1
DA:1070,2
DA:1071,2
DA:1073,4
DA:1075,3
DA:1083,1
DA:1086,4
DA:1087,3
DA:1088,1
DA:1089,11
DA:1090,5
DA:1091,1
DA:1092,2
DA:1093,2
DA:1095,4
DA:1097,3
DA:1105,1
DA:1108,4
DA:1109,3
DA:1110,1
DA:1111,6
DA:1112,11
DA:1113,5
DA:1114,1
DA:1115,2
DA:1116,2
DA:1118,3
DA:1120,3
DA:1128,1
DA:1131,4
DA:1132,3
DA:1133,1
DA:1134,11
DA:1135,5
DA:1136,1
DA:1137,2
DA:1138,2
DA:1140,3
DA:1142,3
DA:1150,2
DA:1159,1
DA:1164,4
DA:1166,3
DA:1167,0
DA:1168,0
DA:1170,2
DA:1171,3
DA:1173,2
DA:1174,3
DA:1176,2
DA:1177,3
DA:1179,2
DA:1180,3
DA:1182,2
DA:1183,3
DA:1185,2
DA:1186,3
DA:1188,2
DA:1189,3
DA:1191,2
DA:1192,3
DA:1255,1
DA:1261,1
DA:1262,4
DA:1269,1
DA:1270,4
DA:1277,1
DA:1278,4
DA:1284,1
DA:1285,4
DA:1292,1
DA:1293,4
DA:1300,1
DA:1301,4
DA:1308,1
DA:1309,4
DA:1316,1
DA:1317,4
DA:1336,1
DA:1338,1
DA:1340,2
DA:1343,1
DA:1345,2
DA:1348,1
DA:1350,2
DA:1353,1
DA:1355,2
DA:1358,1
DA:1360,2
DA:1363,1
DA:1365,2
DA:1368,1
DA:1370,2
DA:1373,1
DA:1375,2
DA:1378,1
DA:1386,2
DA:1389,0
DA:1390,0
LF:246
LH:242
end_of_record
SF:D:\Users\Simon\Workspaces\cell\packages\cell_tissue\lib\src\internal\tissue_pulse.dart
DA:31,5
DA:49,5
DA:129,5
DA:146,5
DA:147,5
DA:149,3
DA:154,5
DA:155,5
DA:161,1
DA:162,2
DA:189,2
DA:191,6
DA:192,2
DA:193,3
DA:195,6
DA:221,1
DA:237,1
DA:306,1
DA:325,1
DA:333,1
DA:334,1
DA:356,1
DA:358,1
DA:359,3
DA:360,2
DA:386,7
DA:407,7
DA:419,1
DA:421,1
DA:431,6
DA:432,12
DA:440,1
DA:441,1
DA:447,1
DA:448,1
DA:457,6
DA:458,6
DA:488,1
DA:489,1
DA:500,1
DA:502,1
DA:517,1
DA:519,1
DA:529,7
DA:530,7
DA:536,7
DA:537,7
DA:543,1
DA:545,1
DA:556,2
DA:558,2
DA:559,3
DA:560,4
DA:567,1
DA:568,4
DA:655,7
DA:677,7
DA:678,7
DA:706,14
DA:720,5
DA:721,26
DA:738,1
DA:739,1
DA:765,1
DA:767,1
DA:793,5
DA:795,5
DA:808,6
DA:809,6
DA:817,6
DA:818,6
DA:835,1
DA:837,1
DA:865,2
DA:917,1
DA:927,1
DA:928,1
DA:950,1
DA:952,2
DA:959,1
DA:960,1
DA:966,1
DA:967,1
DA:980,1
DA:982,2
DA:989,1
DA:992,0
DA:993,0
DA:995,0
DA:996,0
DA:998,0
DA:999,0
DA:1011,1
DA:1013,2
DA:1117,1
DA:1118,1
DA:1119,2
DA:1120,4
LF:98
LH:92
end_of_record
SF:D:\Users\Simon\Workspaces\cell\packages\cell_tissue\lib\src\tissue_map.dart
DA:232,1
DA:245,1
DA:255,1
DA:260,1
DA:266,1
DA:684,1
DA:698,1
DA:709,1
DA:1109,1
DA:1124,1
DA:1125,1
LF:11
LH:11
end_of_record
SF:D:\Users\Simon\Workspaces\cell\packages\cell_tissue\lib\src\internal\tissue_value.dart
DA:31,3
DA:42,3
DA:44,1
DA:55,1
DA:56,1
DA:57,1
DA:62,2
DA:78,1
DA:80,1
DA:81,1
DA:82,1
DA:83,1
DA:84,1
DA:85,2
DA:86,1
DA:208,3
DA:217,3
DA:261,2
DA:320,1
DA:323,1
DA:372,3
DA:373,3
DA:390,1
DA:392,6
DA:418,3
DA:425,6
DA:433,1
DA:440,2
DA:448,6
DA:450,1
DA:452,1
DA:456,2
DA:464,0
DA:465,0
DA:467,2
DA:472,1
DA:473,1
DA:474,4
DA:475,3
DA:478,3
DA:480,2
DA:481,2
DA:486,2
DA:487,4
DA:552,3
DA:553,3
DA:568,3
DA:569,3
DA:571,9
DA:572,3
DA:573,3
DA:589,0
DA:590,0
DA:595,3
DA:596,6
DA:615,0
DA:620,0
DA:621,0
DA:622,0
DA:623,0
DA:626,0
DA:628,0
DA:629,0
DA:644,0
DA:645,0
DA:671,1
DA:672,2
DA:674,3
DA:675,3
DA:676,1
DA:679,1
DA:681,3
DA:710,1
DA:711,1
DA:712,1
DA:717,1
DA:718,2
DA:719,2
DA:721,3
DA:722,1
DA:724,3
DA:727,1
DA:728,1
DA:730,1
DA:732,3
DA:735,1
DA:738,0
DA:739,0
DA:741,1
DA:742,1
DA:803,1
DA:804,1
DA:806,1
DA:877,1
DA:878,1
DA:879,6
DA:881,4
DA:883,1
DA:884,6
DA:886,1
DA:887,0
DA:912,0
DA:916,0
DA:917,0
DA:938,1
DA:943,1
DA:944,1
DA:945,4
DA:946,1
DA:949,0
DA:951,2
DA:952,2
DA:963,1
DA:964,3
DA:1020,3
DA:1021,3
DA:1026,4
DA:1027,16
DA:1030,2
DA:1032,2
DA:1033,1
DA:1050,2
DA:1052,2
DA:1053,1
DA:1071,3
DA:1075,15
DA:1076,12
DA:1078,3
DA:1080,15
DA:1081,12
DA:1083,3
DA:1084,3
DA:1086,3
DA:1087,3
DA:1090,3
DA:1092,9
DA:1102,3
DA:1111,6
DA:1113,9
DA:1114,0
DA:1115,0
DA:1117,6
DA:1118,9
DA:1123,0
DA:1126,0
DA:1131,0
DA:1132,0
DA:1134,0
DA:1135,0
DA:1141,1
DA:1144,1
DA:1145,1
DA:1146,2
DA:1151,1
DA:1152,2
DA:1153,2
DA:1154,2
DA:1155,1
DA:1163,1
DA:1166,1
DA:1167,1
DA:1168,2
DA:1173,1
DA:1174,2
DA:1175,2
DA:1176,2
DA:1177,1
DA:1185,1
DA:1188,1
DA:1189,1
DA:1190,2
DA:1195,1
DA:1196,2
DA:1197,2
DA:1198,2
DA:1199,1
DA:1206,0
DA:1207,0
DA:1209,2
DA:1210,4
DA:1269,1
DA:1287,1
DA:1288,2
DA:1289,1
DA:1290,2
DA:1304,1
DA:1306,1
DA:1307,2
DA:1310,1
DA:1311,3
DA:1313,0
DA:1314,0
DA:1317,3
DA:1320,1
DA:1329,1
DA:1332,1
DA:1333,1
LF:197
LH:164
end_of_record
SF:D:\Users\Simon\Workspaces\cell\packages\cell_tissue\lib\src\internal\tissue_map.dart
DA:28,1
DA:38,1
DA:40,1
DA:53,1
DA:54,1
DA:55,1
DA:60,2
DA:76,1
DA:78,1
DA:79,1
DA:80,1
DA:81,1
DA:82,1
DA:83,2
DA:84,1
DA:206,1
DA:215,1
DA:256,2
DA:315,1
DA:318,1
DA:370,1
DA:371,1
DA:387,1
DA:389,8
DA:416,1
DA:417,2
DA:419,1
DA:420,2
DA:422,1
DA:423,2
DA:425,1
DA:426,2
DA:428,1
DA:429,1
DA:431,4
DA:432,4
DA:433,2
DA:434,1
DA:435,3
DA:441,1
DA:443,1
DA:447,2
DA:511,1
DA:512,1
DA:520,1
DA:521,1
DA:522,5
DA:523,2
DA:524,1
DA:525,3
DA:542,1
DA:544,1
DA:556,1
DA:557,3
DA:567,1
DA:568,4
DA:576,1
DA:578,4
DA:581,1
DA:582,3
DA:585,1
DA:587,3
DA:590,1
DA:591,2
DA:597,1
DA:599,3
DA:603,1
DA:604,3
DA:607,1
DA:609,3
DA:614,1
DA:616,4
DA:619,1
DA:621,3
DA:625,1
DA:632,1
DA:641,1
DA:642,1
DA:669,1
DA:670,2
DA:672,3
DA:673,3
DA:674,1
DA:677,1
DA:679,2
DA:680,1
DA:681,1
DA:713,1
DA:714,1
DA:715,1
DA:720,1
DA:721,2
DA:722,2
DA:724,3
DA:725,1
DA:728,3
DA:729,4
DA:730,2
DA:731,1
DA:735,1
DA:736,1
DA:737,6
DA:740,4
DA:744,4
DA:745,2
DA:746,1
DA:747,3
DA:760,1
DA:762,2
DA:763,1
DA:764,1
DA:769,1
DA:833,1
DA:835,1
DA:837,1
DA:851,1
DA:853,1
DA:859,1
DA:860,1
DA:863,0
DA:864,0
DA:868,1
DA:870,1
DA:874,1
DA:875,1
DA:879,1
DA:880,1
DA:884,1
DA:885,1
DA:889,1
DA:891,1
DA:895,1
DA:897,1
DA:901,1
DA:903,1
DA:907,1
DA:908,1
DA:912,1
DA:913,1
DA:917,1
DA:918,1
DA:960,2
DA:961,4
DA:963,1
DA:965,1
DA:966,1
DA:967,1
DA:968,1
DA:969,1
DA:970,1
DA:971,1
DA:972,1
DA:973,1
DA:976,1
DA:977,4
DA:979,1
DA:980,4
DA:982,2
DA:983,8
DA:984,10
DA:985,2
DA:987,1
DA:988,4
DA:990,1
DA:991,4
DA:993,1
DA:995,7
DA:997,2
DA:998,8
DA:1000,2
DA:1001,10
DA:1005,1
DA:1014,1
DA:1020,3
DA:1021,1
DA:1022,1
DA:1024,2
DA:1025,3
DA:1026,2
DA:1027,3
DA:1028,2
DA:1029,3
DA:1030,2
DA:1031,3
DA:1032,2
DA:1033,3
DA:1034,2
DA:1035,3
DA:1036,2
DA:1037,3
DA:1038,2
DA:1039,4
DA:1040,2
DA:1041,3
DA:1045,1
DA:1052,1
DA:1054,4
DA:1055,4
DA:1056,4
DA:1057,4
DA:1059,1
DA:1060,3
DA:1062,1
DA:1064,3
DA:1071,1
DA:1073,4
DA:1074,1
DA:1075,2
DA:1076,1
DA:1077,5
DA:1078,4
DA:1079,5
DA:1080,1
DA:1081,3
DA:1083,2
DA:1086,1
DA:1087,4
DA:1089,3
DA:1096,1
DA:1098,4
DA:1099,1
DA:1100,2
DA:1101,1
DA:1102,5
DA:1103,4
DA:1104,5
DA:1105,1
DA:1106,3
DA:1108,2
DA:1111,1
DA:1112,4
DA:1114,3
DA:1121,1
DA:1123,4
DA:1124,1
DA:1125,5
DA:1126,2
DA:1127,4
DA:1128,4
DA:1129,4
DA:1130,2
DA:1133,1
DA:1134,3
DA:1136,3
DA:1143,1
DA:1144,4
DA:1145,4
DA:1146,4
DA:1148,1
DA:1149,4
DA:1150,4
DA:1151,1
DA:1152,3
DA:1154,1
DA:1156,3
DA:1161,0
DA:1164,1
DA:1165,4
DA:1166,4
DA:1167,4
DA:1168,4
DA:1169,4
DA:1170,1
DA:1172,3
DA:1182,1
DA:1184,4
DA:1185,1
DA:1186,5
DA:1187,2
DA:1189,4
DA:1190,1
DA:1191,4
DA:1192,4
DA:1193,2
DA:1196,1
DA:1197,3
DA:1199,3
DA:1206,1
DA:1207,4
DA:1208,4
DA:1209,5
DA:1210,4
DA:1211,4
DA:1212,1
DA:1214,3
DA:1220,1
DA:1221,4
DA:1222,4
DA:1223,1
DA:1225,3
DA:1230,1
DA:1232,0
DA:1235,1
DA:1237,4
DA:1238,1
DA:1239,5
DA:1240,2
DA:1242,4
DA:1243,1
DA:1244,4
DA:1245,4
DA:1246,2
DA:1249,1
DA:1250,3
DA:1252,3
DA:1312,1
DA:1324,1
DA:1325,4
DA:1335,1
DA:1336,4
DA:1346,1
DA:1347,4
DA:1354,1
DA:1355,4
DA:1366,1
DA:1367,4
DA:1378,5
DA:1388,1
DA:1389,4
DA:1401,1
DA:1402,4
DA:1412,1
DA:1413,4
DA:1433,1
DA:1435,0
DA:1436,0
DA:1438,1
DA:1440,2
DA:1443,1
DA:1445,2
DA:1448,1
DA:1450,2
DA:1453,1
DA:1461,2
DA:1464,1
DA:1466,2
DA:1469,1
DA:1471,2
DA:1474,1
DA:1476,2
DA:1479,1
DA:1481,2
DA:1484,1
DA:1486,2
DA:1489,1
DA:1491,2
DA:1503,1
DA:1508,3
DA:1511,3
DA:1514,3
DA:1517,3
DA:1520,3
DA:1523,3
DA:1526,3
DA:1529,1
DA:1530,2
DA:1533,1
DA:1534,2
DA:1537,1
DA:1538,2
DA:1541,1
DA:1542,2
DA:1545,3
DA:1548,1
DA:1549,3
DA:1551,1
DA:1552,2
LF:367
LH:361
end_of_record
SF:D:\Users\Simon\Workspaces\cell\packages\cell_tissue\lib\src\tissue_value.dart
DA:239,1
DA:253,1
DA:257,1
DA:262,1
DA:268,1
DA:646,1
DA:660,1
DA:671,1
DA:1104,1
DA:1119,1
DA:1120,1
LF:11
LH:11
end_of_record
SF:D:\Users\Simon\Workspaces\cell\packages\cell_tissue\lib\src\tissue_queue.dart
DA:243,1
DA:259,1
DA:264,1
DA:269,1
DA:678,1
DA:692,1
DA:703,1
DA:1067,1
DA:1083,1
DA:1084,1
LF:10
LH:10
end_of_record
SF:D:\Users\Simon\Workspaces\cell\packages\cell_tissue\lib\src\internal\tissue_container.dart
DA:81,10
DA:114,10
DA:115,10
DA:117,1
DA:143,1
DA:144,2
DA:174,1
DA:175,4
DA:205,1
DA:206,4
LF:10
LH:10
end_of_record
SF:D:\Users\Simon\Workspaces\cell\packages\cell_tissue\lib\src\internal\tissue_nucleus.dart
DA:14,1
DA:24,2
DA:26,1
DA:39,1
DA:40,0
DA:41,0
DA:48,2
DA:50,0
DA:52,0
DA:53,0
DA:54,0
DA:55,0
DA:56,0
DA:57,0
DA:58,0
DA:190,10
DA:205,10
DA:206,10
DA:259,14
DA:320,6
DA:323,6
DA:372,10
DA:387,10
DA:388,10
DA:391,10
DA:392,21
DA:396,20
DA:397,20
DA:398,20
DA:399,20
DA:403,10
DA:404,10
DA:405,10
DA:406,8
DA:407,8
DA:408,7
DA:409,7
DA:410,6
DA:411,6
DA:412,6
DA:413,6
DA:414,0
DA:415,0
DA:416,0
DA:417,0
DA:418,0
DA:422,10
DA:425,20
DA:426,10
DA:427,10
DA:428,10
DA:429,10
DA:436,1
DA:437,1
DA:438,1
DA:439,1
DA:440,1
DA:441,1
DA:442,1
DA:443,1
DA:444,1
DA:445,1
DA:446,1
DA:447,1
DA:448,1
DA:449,1
DA:450,1
DA:451,1
DA:452,1
DA:453,1
DA:454,1
DA:455,1
DA:456,1
DA:457,1
DA:458,1
DA:459,1
DA:460,1
DA:461,1
DA:462,1
DA:463,1
DA:464,1
DA:465,1
DA:466,1
DA:467,1
DA:468,1
DA:469,1
DA:470,1
DA:471,1
DA:472,1
DA:473,1
DA:474,1
DA:475,1
DA:476,1
DA:477,1
DA:478,1
DA:479,1
DA:480,1
DA:481,1
DA:482,0
DA:483,0
DA:484,0
DA:485,0
DA:486,0
DA:487,0
DA:488,0
DA:489,0
DA:490,0
DA:491,0
DA:492,0
DA:493,0
DA:494,0
DA:495,0
DA:496,0
DA:497,0
DA:498,0
DA:499,0
DA:505,10
DA:506,10
DA:507,10
DA:508,10
DA:509,10
DA:510,10
DA:511,10
DA:512,10
DA:513,10
DA:514,10
DA:515,10
DA:516,10
DA:517,10
DA:518,10
DA:519,10
DA:520,10
DA:521,10
DA:522,10
DA:523,10
DA:524,10
DA:525,10
DA:526,10
DA:527,10
DA:528,10
DA:529,10
DA:530,10
DA:531,10
DA:532,10
DA:533,10
DA:534,10
DA:535,10
DA:536,10
DA:537,10
DA:538,10
DA:539,10
DA:540,10
DA:541,10
DA:542,10
DA:543,10
DA:544,10
DA:545,10
DA:546,10
DA:547,10
DA:548,10
DA:549,10
DA:550,10
DA:551,7
DA:552,7
DA:553,7
DA:554,7
DA:555,7
DA:556,7
DA:557,7
DA:558,7
DA:559,7
DA:560,7
DA:561,7
DA:562,7
DA:563,7
DA:564,7
DA:565,7
DA:566,2
DA:567,0
DA:568,0
DA:623,8
DA:624,8
DA:670,10
DA:672,68
DA:690,0
DA:692,0
DA:742,8
DA:744,69
DA:789,10
DA:791,78
DA:846,10
DA:848,0
DA:856,0
DA:864,1
DA:878,0
DA:883,0
DA:885,0
DA:888,0
LF:198
LH:155
end_of_record
SF:D:\Users\Simon\Workspaces\cell\packages\cell_tissue\lib\src\internal\tissue_receptor.dart
DA:29,10
DA:31,1
DA:32,1
DA:34,1
DA:37,1
DA:38,1
DA:40,10
DA:43,1
DA:46,1
DA:51,1
DA:80,1
DA:88,2
DA:93,20
DA:108,2
DA:109,4
DA:253,20
DA:305,7
DA:307,7
DA:310,6
DA:311,12
DA:314,6
DA:421,6
DA:425,6
DA:427,6
DA:430,8
DA:433,4
DA:434,4
DA:436,4
DA:438,2
DA:439,2
DA:446,4
DA:448,4
DA:449,2
DA:456,1
DA:457,1
DA:459,1
DA:460,2
DA:462,1
DA:463,0
DA:473,4
DA:474,4
DA:475,8
DA:476,4
DA:479,4
DA:483,4
DA:487,1
DA:490,2
DA:491,1
DA:493,1
LF:49
LH:48
end_of_record
SF:D:\Users\Simon\Workspaces\cell\packages\cell_tissue\lib\src\tissue_container.dart
DA:70,3
DA:81,1
DA:82,4
DA:195,10
DA:206,8
DA:207,32
DA:237,10
DA:240,10
DA:242,30
DA:275,4
DA:278,12
DA:279,3
DA:280,6
DA:317,5
DA:320,15
DA:321,4
DA:322,3
DA:331,12
DA:334,30
DA:337,15
DA:339,5
DA:344,5
DA:345,5
DA:346,0
DA:348,5
DA:349,5
DA:354,8
DA:355,16
DA:357,5
DA:361,5
DA:362,5
DA:364,5
DA:365,5
DA:366,5
DA:372,15
DA:378,8
DA:380,16
DA:381,32
DA:386,3
DA:387,6
DA:743,10
DA:751,10
DA:753,10
DA:754,3
DA:756,0
DA:758,9
DA:759,3
DA:761,0
DA:764,8
DA:765,15
DA:767,0
DA:769,5
DA:770,3
DA:772,0
DA:774,4
DA:775,3
DA:777,0
DA:779,3
DA:780,0
DA:782,0
DA:785,3
DA:789,0
DA:792,0
DA:793,0
DA:796,1
DA:798,1
DA:799,1
DA:801,0
DA:802,0
DA:805,2
DA:806,4
DA:807,2
DA:808,2
DA:811,3
DA:812,14
DA:813,3
DA:814,2
DA:815,2
DA:818,6
DA:821,3
DA:822,1
DA:823,4
DA:824,1
DA:825,1
DA:828,1
DA:831,1
DA:832,1
DA:836,3
DA:837,3
DA:840,0
DA:841,0
DA:842,0
DA:848,0
DA:849,0
DA:850,0
DA:857,0
DA:861,0
DA:865,0
DA:870,1
DA:871,1
DA:872,0
DA:873,0
DA:874,1
DA:875,0
DA:876,0
DA:878,2
DA:881,1
DA:882,1
DA:883,1
DA:884,0
DA:885,1
DA:886,0
DA:888,1
DA:891,1
DA:893,1
LF:115
LH:87
end_of_record
SF:D:\Users\Simon\Workspaces\cell\packages\cell_tissue\lib\src\tissue_receptor.dart
DA:191,1
DA:192,3
DA:193,1
DA:228,1
DA:229,1
DA:278,1
DA:287,1
LF:7
LH:7
end_of_record
SF:D:\Users\Simon\Workspaces\cell\packages\cell_tissue\lib\src\tissue_nucleus.dart
DA:292,1
DA:305,1
DA:309,1
LF:3
LH:3
end_of_record
SF:D:\Users\Simon\Workspaces\cell\packages\cell_tissue\lib\src\tissue_set.dart
DA:235,1
DA:249,1
DA:253,1
DA:258,1
DA:264,1
DA:545,1
DA:547,1
DA:548,2
DA:578,1
DA:580,1
DA:581,2
DA:616,1
DA:622,1
DA:623,1
DA:753,1
DA:767,1
DA:778,1
DA:1108,1
DA:1123,1
DA:1124,1
LF:20
LH:20
end_of_record
SF:D:\Users\Simon\Workspaces\cell\packages\cell_tissue\lib\src\test_tissue.dart
DA:173,12
DA:211,7
DA:212,7
DA:255,6
DA:257,6
DA:269,20
DA:298,2
DA:300,4
DA:301,2
DA:303,1
DA:346,2
DA:348,6
DA:352,2
DA:353,2
DA:354,6
DA:356,2
DA:361,1
DA:362,3
DA:363,2
DA:366,1
DA:367,2
DA:369,2
DA:379,1
DA:412,1
DA:414,2
DA:509,1
DA:510,2
DA:511,3
DA:512,1
DA:534,1
DA:535,1
LF:31
LH:31
end_of_record
SF:D:\Users\Simon\Workspaces\cell\packages\cell_tissue\lib\src\tissue.dart
DA:254,1
DA:261,3
DA:264,1
DA:379,1
DA:393,1
DA:404,1
LF:6
LH:6
end_of_record
