SF:D:\Users\Simon\Workspaces\cell\packages\cell_flow\lib\src\flow_core.dart
DA:155,2
DA:157,1
DA:158,1
DA:160,1
DA:162,2
DA:171,30
DA:172,30
DA:174,1
DA:175,1
DA:183,40
DA:185,30
DA:186,30
DA:188,0
DA:189,0
DA:195,72
DA:200,72
DA:201,72
DA:202,72
DA:204,9
DA:206,3
DA:207,3
DA:209,15
DA:211,0
DA:214,1
DA:215,2
DA:222,29
DA:224,58
LF:27
LH:24
end_of_record
SF:D:\Users\Simon\Workspaces\cell\packages\cell_flow\lib\src\flow.dart
DA:111,2
DA:115,4
DA:172,2
DA:176,4
DA:246,2
DA:252,4
DA:312,2
DA:317,4
DA:395,2
DA:402,2
DA:407,2
DA:478,1
DA:484,1
DA:488,1
DA:554,2
DA:560,2
DA:564,2
DA:623,0
DA:629,0
DA:633,0
DA:722,2
DA:727,4
DA:731,1
DA:736,1
DA:794,2
DA:799,4
DA:862,2
DA:867,4
DA:930,2
DA:935,4
DA:1001,2
DA:1007,4
DA:1011,1
DA:1017,1
DA:1018,1
DA:1084,1
DA:1090,1
DA:1094,1
DA:1154,1
DA:1159,1
DA:1160,1
DA:1222,1
DA:1227,2
DA:1285,2
DA:1290,4
DA:1350,2
DA:1356,2
DA:1357,2
DA:1423,0
DA:1430,0
DA:1435,0
DA:1510,2
DA:1517,2
DA:1522,2
DA:1584,2
DA:1588,4
DA:1648,2
DA:1653,4
DA:1709,2
DA:1710,4
DA:1798,2
DA:1803,4
DA:1864,1
DA:1869,1
DA:1870,1
DA:1935,2
DA:1940,2
DA:1941,2
DA:2002,0
DA:2007,0
DA:2008,0
DA:2065,0
DA:2071,0
DA:2072,0
DA:2129,0
DA:2135,0
DA:2139,0
DA:2196,0
DA:2202,0
DA:2206,0
DA:2271,2
DA:2276,4
DA:2338,0
DA:2343,0
DA:2344,0
DA:2409,0
DA:2414,0
DA:2415,0
DA:2481,0
DA:2486,0
DA:2487,0
DA:2559,2
DA:2566,2
DA:2571,2
DA:2598,1
DA:2605,1
DA:2610,1
DA:2628,1
DA:2635,1
DA:2640,1
DA:2698,1
DA:2703,2
DA:2767,2
DA:2771,4
DA:2830,2
DA:2834,4
DA:2897,2
DA:2901,4
DA:2961,2
DA:2965,4
DA:3023,2
DA:3027,4
DA:3093,2
DA:3097,4
DA:3159,2
DA:3163,4
DA:3217,2
DA:3218,4
DA:3277,1
DA:3281,2
DA:3346,2
DA:3347,4
DA:3435,2
DA:3439,4
DA:3501,1
DA:3506,2
DA:3560,2
DA:3561,4
DA:3611,1
DA:3612,2
DA:3675,2
DA:3679,4
DA:3763,2
DA:3767,4
DA:3834,2
DA:3838,4
DA:3901,2
DA:3905,4
DA:3962,1
DA:3966,2
DA:4023,2
DA:4027,4
DA:4095,2
DA:4101,2
DA:4105,2
DA:4167,1
DA:4173,1
DA:4177,1
DA:4239,1
DA:4244,2
DA:4313,2
DA:4319,2
DA:4323,2
DA:4389,2
DA:4395,2
DA:4399,2
DA:4461,1
DA:4465,2
DA:4528,2
DA:4533,4
DA:4592,1
DA:4597,1
DA:4598,1
DA:4659,1
DA:4664,2
DA:4727,1
DA:4732,2
DA:4798,2
DA:4802,4
DA:4869,2
DA:4875,2
DA:4879,2
DA:4943,2
DA:4948,4
DA:5008,2
DA:5013,4
DA:5077,1
DA:5082,2
DA:5142,2
DA:5147,4
DA:5209,2
DA:5215,2
DA:5219,2
DA:5280,1
DA:5286,1
DA:5290,1
DA:5348,2
DA:5352,4
DA:5432,2
DA:5438,2
DA:5439,2
DA:5502,2
DA:5508,2
DA:5512,2
DA:5575,0
DA:5581,0
DA:5585,0
DA:5650,0
DA:5656,0
DA:5660,0
DA:5722,0
DA:5729,0
DA:5734,0
DA:5797,2
DA:5802,4
DA:5858,0
DA:5862,0
DA:5923,2
DA:5928,4
DA:5991,0
DA:5997,0
DA:6001,0
DA:6065,0
DA:6071,0
DA:6072,0
DA:6136,2
DA:6141,4
DA:6209,0
DA:6216,0
DA:6221,0
DA:6285,0
DA:6291,0
DA:6295,0
DA:6364,1
DA:6370,1
DA:6374,1
DA:6441,2
DA:6446,2
DA:6447,2
DA:6500,2
DA:6501,4
DA:6562,2
DA:6566,4
DA:6633,1
DA:6640,1
DA:6645,1
DA:6706,2
DA:6711,4
DA:6768,2
DA:6773,4
DA:6834,2
DA:6839,4
LF:242
LH:192
end_of_record
SF:D:\Users\Simon\Workspaces\cell\packages\cell_flow\lib\src\fluent_operator.dart
DA:32,2
DA:33,2
DA:35,1
DA:36,1
DA:38,1
DA:39,1
DA:41,1
DA:42,1
DA:44,2
DA:50,2
DA:58,1
DA:63,1
DA:70,0
DA:74,0
DA:76,2
DA:77,2
DA:79,2
DA:83,2
DA:88,2
DA:92,2
DA:96,4
DA:98,1
DA:102,2
DA:104,1
DA:108,2
DA:110,1
DA:114,2
DA:116,1
DA:121,2
DA:123,1
DA:124,2
DA:126,1
DA:131,2
DA:133,1
DA:139,1
DA:140,1
DA:147,1
DA:148,2
DA:150,1
DA:154,2
DA:156,3
DA:160,1
DA:164,2
DA:166,0
DA:170,0
DA:172,1
DA:176,2
DA:178,1
DA:182,2
DA:184,1
DA:190,1
DA:191,1
DA:200,0
DA:201,0
DA:203,6
DA:205,1
DA:206,2
DA:208,1
DA:209,2
DA:211,3
DA:213,2
DA:214,4
DA:216,1
DA:217,2
DA:219,3
DA:221,6
DA:225,1
DA:228,2
DA:230,3
DA:232,2
DA:235,4
DA:237,1
DA:240,2
DA:242,1
DA:245,2
DA:249,1
DA:250,2
DA:252,1
DA:253,2
DA:255,1
DA:260,2
DA:262,1
DA:267,1
DA:268,1
DA:274,1
DA:279,1
DA:280,1
DA:288,2
DA:292,4
DA:294,0
DA:298,0
DA:300,2
DA:301,4
DA:303,2
DA:308,2
DA:309,2
DA:315,1
DA:319,2
DA:321,1
DA:325,2
DA:327,1
DA:331,2
DA:333,1
DA:338,1
DA:339,1
DA:345,1
DA:346,2
DA:350,1
DA:355,2
DA:357,1
DA:362,1
DA:363,1
DA:369,1
DA:370,2
DA:372,1
DA:376,2
DA:378,2
DA:382,4
DA:386,2
DA:387,4
DA:389,6
DA:391,1
DA:392,2
DA:394,0
DA:400,0
DA:401,0
DA:408,2
DA:412,4
DA:414,1
DA:418,2
DA:420,1
DA:424,2
LF:132
LH:121
end_of_record
SF:D:\Users\Simon\Workspaces\cell\packages\cell_flow\lib\src\instruction\async_expand.dart
DA:63,4
DA:64,4
DA:66,0
DA:67,4
DA:68,4
DA:97,4
DA:103,2
DA:105,4
DA:106,4
DA:107,0
DA:108,2
DA:113,4
DA:114,0
DA:115,0
DA:119,7
DA:120,6
DA:121,0
DA:122,3
DA:127,4
DA:235,4
DA:239,4
DA:240,4
DA:241,4
DA:243,4
DA:244,4
DA:245,4
DA:246,1
DA:247,1
DA:248,2
DA:250,1
DA:254,4
DA:255,4
DA:258,4
DA:259,4
DA:261,12
DA:262,8
DA:263,4
DA:264,4
DA:265,4
DA:271,1
DA:277,4
DA:280,4
DA:370,2
DA:374,2
DA:375,2
DA:376,2
DA:377,2
DA:378,1
DA:379,1
DA:380,2
DA:382,1
DA:386,2
DA:388,6
DA:389,4
DA:390,2
DA:391,2
DA:392,2
DA:398,1
DA:402,2
DA:483,2
DA:487,2
DA:488,2
DA:490,2
DA:491,2
DA:492,2
DA:493,1
DA:494,1
DA:495,2
DA:497,1
DA:501,2
DA:502,2
DA:504,6
DA:505,2
DA:506,2
DA:508,2
DA:509,2
DA:510,2
DA:511,2
DA:512,2
DA:517,4
DA:520,1
DA:524,2
DA:527,2
DA:605,2
DA:609,2
DA:610,2
DA:612,2
DA:613,2
DA:614,2
DA:615,1
DA:616,1
DA:617,2
DA:619,1
DA:625,2
DA:627,6
DA:628,4
DA:629,2
DA:630,2
DA:631,2
DA:637,0
DA:643,2
DA:646,2
DA:715,1
DA:716,1
DA:721,1
DA:723,1
DA:725,1
DA:726,1
DA:727,1
DA:728,1
DA:730,1
DA:732,1
DA:734,4
DA:737,1
DA:738,1
DA:739,1
DA:741,1
DA:742,1
DA:747,1
DA:749,1
DA:751,1
DA:752,1
DA:753,3
DA:756,1
DA:758,1
DA:760,4
DA:763,1
DA:764,1
DA:765,1
DA:767,1
DA:768,1
DA:773,1
DA:775,1
DA:777,1
DA:778,1
DA:779,3
DA:780,1
DA:782,1
DA:784,1
DA:786,4
DA:789,1
DA:790,1
DA:791,1
DA:793,1
DA:794,1
DA:799,1
DA:801,1
DA:803,1
DA:804,1
DA:805,1
DA:808,1
DA:810,1
DA:812,4
DA:815,1
DA:816,1
DA:817,1
DA:819,1
DA:820,1
DA:822,1
LF:159
LH:153
end_of_record
SF:D:\Users\Simon\Workspaces\cell\packages\cell_flow\lib\src\instruction\of.dart
DA:45,4
DA:46,4
DA:48,0
DA:49,4
DA:50,4
DA:147,4
DA:151,4
DA:152,4
DA:154,4
DA:158,8
DA:159,4
DA:160,4
DA:165,0
DA:169,4
DA:246,4
DA:250,4
DA:251,4
DA:253,4
DA:257,8
DA:258,4
DA:259,4
DA:264,1
DA:268,4
DA:349,4
DA:355,4
DA:356,4
DA:358,4
DA:363,8
DA:364,4
DA:365,4
DA:368,4
DA:371,0
DA:375,4
DA:454,4
DA:459,4
DA:460,4
DA:462,4
DA:466,8
DA:467,4
DA:468,4
DA:473,0
DA:477,4
DA:546,1
DA:547,1
DA:552,1
DA:554,1
DA:556,3
DA:558,1
DA:560,4
DA:563,1
DA:565,1
DA:566,1
DA:571,1
DA:573,1
DA:575,3
DA:577,1
DA:579,4
DA:582,1
DA:584,1
DA:585,1
DA:590,1
DA:592,1
DA:594,2
DA:596,1
DA:598,4
DA:601,1
DA:603,1
DA:604,1
DA:609,1
DA:611,1
DA:613,2
DA:615,1
DA:617,4
DA:620,1
DA:622,1
DA:623,1
DA:625,1
LF:77
LH:73
end_of_record
SF:D:\Users\Simon\Workspaces\cell\packages\cell_flow\lib\src\instruction\from_future.dart
DA:38,4
DA:39,4
DA:41,0
DA:42,4
DA:43,4
DA:48,1
DA:49,1
DA:51,0
DA:53,1
DA:58,4
DA:60,1
DA:63,2
DA:68,2
DA:71,4
DA:73,2
DA:77,6
DA:78,2
DA:82,1
DA:85,1
DA:96,1
DA:98,2
DA:234,4
DA:240,4
DA:241,4
DA:248,4
DA:254,4
DA:255,4
DA:256,4
DA:257,4
DA:258,4
DA:259,4
DA:260,8
DA:262,8
DA:263,8
DA:265,1
DA:280,4
DA:300,2
DA:306,2
DA:307,2
DA:328,1
DA:332,1
DA:333,2
DA:454,3
DA:460,3
DA:461,3
DA:462,6
DA:464,6
DA:465,6
DA:467,1
DA:586,1
DA:592,1
DA:593,1
DA:595,1
DA:596,1
DA:597,2
DA:599,1
DA:600,1
DA:601,1
DA:605,0
DA:620,1
DA:622,1
DA:623,1
DA:731,2
DA:737,2
DA:738,2
DA:739,2
DA:740,2
DA:741,4
DA:743,4
DA:744,2
DA:745,2
DA:749,0
DA:764,2
DA:854,2
DA:860,2
DA:861,2
DA:862,4
DA:864,4
DA:865,2
DA:866,2
DA:870,0
DA:975,2
DA:981,2
DA:982,2
DA:983,2
DA:984,2
DA:985,4
DA:986,4
DA:988,4
DA:989,4
DA:990,2
DA:991,2
DA:995,0
DA:996,0
DA:1011,2
DA:1103,2
DA:1109,2
DA:1110,2
DA:1111,2
DA:1112,2
DA:1113,2
DA:1114,2
DA:1115,4
DA:1117,4
DA:1118,2
DA:1119,2
DA:1123,0
DA:1135,2
DA:1140,2
DA:1226,2
DA:1232,2
DA:1233,2
DA:1234,2
DA:1235,2
DA:1236,2
DA:1237,2
DA:1238,2
DA:1239,4
DA:1240,4
DA:1242,2
DA:1243,2
DA:1244,2
DA:1248,0
DA:1264,2
DA:1352,2
DA:1358,2
DA:1359,2
DA:1360,2
DA:1361,2
DA:1362,2
DA:1363,2
DA:1364,2
DA:1365,4
DA:1366,4
DA:1368,2
DA:1369,2
DA:1370,2
DA:1374,0
DA:1390,2
DA:1476,2
DA:1482,2
DA:1483,2
DA:1484,2
DA:1485,2
DA:1486,2
DA:1487,2
DA:1488,2
DA:1489,4
DA:1491,2
DA:1492,6
DA:1494,2
DA:1495,2
DA:1499,1
DA:1514,2
DA:1597,2
DA:1603,2
DA:1604,2
DA:1605,2
DA:1606,2
DA:1607,2
DA:1608,2
DA:1609,2
DA:1610,4
DA:1612,4
DA:1613,2
DA:1614,2
DA:1618,0
DA:1633,2
DA:1730,2
DA:1738,2
DA:1739,2
DA:1740,4
DA:1742,2
DA:1743,6
DA:1747,2
DA:1748,2
DA:1752,1
DA:1849,1
DA:1855,1
DA:1856,1
DA:1857,2
DA:1859,2
DA:1860,1
DA:1861,1
DA:1865,1
DA:1962,2
DA:1968,2
DA:1969,2
DA:1970,4
DA:1972,4
DA:1973,1
DA:1974,1
DA:1978,1
DA:1979,2
DA:1980,2
DA:2080,2
DA:2086,2
DA:2087,2
DA:2088,2
DA:2089,2
DA:2090,1
DA:2091,3
DA:2092,1
DA:2096,4
DA:2098,4
DA:2099,2
DA:2100,2
DA:2104,0
DA:2146,2
DA:2147,12
DA:2245,1
DA:2246,1
DA:2248,1
DA:2249,1
DA:2250,2
DA:2251,1
DA:2252,1
DA:2254,4
DA:2256,1
DA:2257,1
DA:2258,1
DA:2259,1
DA:2261,1
DA:2262,2
DA:2263,1
DA:2265,4
DA:2267,1
DA:2268,1
DA:2269,1
DA:2270,1
DA:2272,1
DA:2273,1
DA:2274,1
DA:2275,3
DA:2276,1
DA:2277,1
DA:2279,4
DA:2281,1
DA:2282,1
DA:2283,1
DA:2284,1
DA:2285,1
DA:2287,1
DA:2288,1
DA:2289,1
DA:2290,3
DA:2294,1
DA:2295,2
DA:2296,1
DA:2298,4
DA:2300,1
DA:2301,1
DA:2302,1
DA:2303,1
DA:2305,1
DA:2306,2
DA:2307,1
DA:2309,4
DA:2311,1
DA:2312,1
DA:2313,1
DA:2314,1
DA:2315,1
DA:2317,1
DA:2318,1
DA:2319,2
DA:2320,1
DA:2321,3
DA:2323,1
DA:2324,1
DA:2326,4
DA:2328,1
DA:2329,1
DA:2330,1
DA:2331,1
DA:2332,1
DA:2334,1
DA:2335,1
DA:2336,2
DA:2337,1
DA:2338,1
DA:2339,1
DA:2340,1
DA:2342,4
DA:2344,1
DA:2345,1
DA:2346,1
DA:2347,1
DA:2348,1
DA:2349,1
DA:2351,1
DA:2352,2
DA:2353,2
DA:2354,1
DA:2355,1
DA:2356,1
DA:2358,4
DA:2360,1
DA:2361,1
DA:2362,1
DA:2364,2
DA:2365,2
DA:2366,1
DA:2367,1
DA:2368,1
DA:2370,4
DA:2372,1
DA:2373,1
DA:2374,1
DA:2376,2
DA:2377,1
DA:2378,1
DA:2379,1
DA:2380,1
DA:2381,1
DA:2383,4
DA:2385,1
DA:2386,1
DA:2387,1
DA:2389,2
DA:2390,2
DA:2391,2
DA:2392,1
DA:2393,1
DA:2395,4
DA:2397,1
DA:2398,1
DA:2399,1
DA:2400,1
DA:2402,1
DA:2404,1
DA:2405,1
DA:2406,1
DA:2407,2
DA:2412,1
DA:2413,1
DA:2415,4
DA:2417,1
DA:2418,1
DA:2419,1
DA:2421,1
DA:2422,2
DA:2423,1
DA:2424,1
DA:2425,1
DA:2427,4
DA:2429,1
DA:2430,1
DA:2431,1
DA:2433,1
DA:2434,3
DA:2435,1
DA:2436,1
DA:2438,4
DA:2440,1
DA:2441,1
DA:2442,1
DA:2443,1
DA:2445,1
LF:359
LH:347
end_of_record
SF:D:\Users\Simon\Workspaces\cell\packages\cell_flow\lib\src\instruction\from_stream.dart
DA:48,4
DA:49,4
DA:51,0
DA:52,4
DA:53,4
DA:59,1
DA:60,1
DA:62,0
DA:64,1
DA:84,1
DA:95,1
DA:97,2
DA:205,4
DA:210,4
DA:211,4
DA:213,4
DA:216,4
DA:218,8
DA:219,4
DA:220,4
DA:225,1
DA:239,4
DA:242,4
DA:312,2
DA:317,2
DA:318,2
DA:319,2
DA:321,6
DA:322,2
DA:323,2
DA:328,1
DA:342,2
DA:412,2
DA:416,2
DA:417,2
DA:418,2
DA:420,2
DA:421,2
DA:422,2
DA:423,1
DA:424,1
DA:425,2
DA:437,2
DA:438,2
DA:441,2
DA:442,2
DA:444,4
DA:445,2
DA:446,2
DA:451,0
DA:467,2
DA:470,2
DA:537,1
DA:541,1
DA:542,1
DA:543,1
DA:544,1
DA:545,0
DA:546,0
DA:547,0
DA:559,1
DA:561,2
DA:562,1
DA:563,1
DA:568,0
DA:582,1
DA:652,2
DA:656,2
DA:657,2
DA:659,2
DA:660,2
DA:661,2
DA:662,1
DA:663,1
DA:664,2
DA:676,2
DA:677,2
DA:679,4
DA:680,2
DA:681,2
DA:682,2
DA:687,0
DA:688,0
DA:702,2
DA:705,2
DA:778,2
DA:783,2
DA:784,2
DA:785,2
DA:787,2
DA:788,2
DA:789,2
DA:790,1
DA:791,1
DA:792,2
DA:804,2
DA:805,2
DA:808,2
DA:809,2
DA:811,6
DA:812,2
DA:813,2
DA:818,1
DA:834,2
DA:837,2
DA:913,1
DA:914,1
DA:919,1
DA:921,1
DA:923,1
DA:924,2
DA:925,1
DA:927,1
DA:929,4
DA:932,1
DA:933,1
DA:935,1
DA:936,1
DA:941,1
DA:943,1
DA:945,1
DA:946,3
DA:947,1
DA:949,1
DA:951,4
DA:954,1
DA:955,1
DA:957,1
DA:958,1
DA:963,1
DA:965,1
DA:967,2
DA:969,1
DA:971,4
DA:974,3
DA:975,3
DA:976,1
DA:978,1
DA:979,1
DA:984,1
DA:986,1
DA:988,2
DA:990,1
DA:992,4
DA:995,1
DA:996,2
DA:998,3
DA:999,1
DA:1001,1
DA:1002,1
DA:1007,1
DA:1009,1
DA:1011,1
DA:1012,5
DA:1013,1
DA:1015,1
DA:1017,4
DA:1020,1
DA:1021,1
DA:1023,1
DA:1024,1
DA:1026,1
LF:162
LH:153
end_of_record
SF:D:\Users\Simon\Workspaces\cell\packages\cell_flow\lib\src\instruction\map.dart
DA:58,4
DA:62,4
DA:63,4
DA:64,1
DA:65,3
DA:66,1
DA:74,4
DA:75,4
DA:77,0
DA:78,4
DA:79,4
DA:202,4
DA:206,4
DA:207,4
DA:208,4
DA:211,4
DA:212,8
DA:218,2
DA:303,4
DA:307,4
DA:308,4
DA:309,4
DA:311,4
DA:395,4
DA:399,4
DA:400,4
DA:402,4
DA:403,4
DA:406,8
DA:407,4
DA:408,4
DA:410,1
DA:414,4
DA:500,4
DA:504,4
DA:505,4
DA:506,4
DA:509,8
DA:511,4
DA:513,1
DA:608,4
DA:613,4
DA:614,4
DA:615,4
DA:617,4
DA:619,4
DA:620,8
DA:622,1
DA:644,2
DA:737,3
DA:742,3
DA:743,3
DA:744,3
DA:746,3
DA:748,5
DA:750,1
DA:752,4
DA:754,1
DA:841,3
DA:845,3
DA:846,3
DA:847,3
DA:848,3
DA:849,1
DA:850,1
DA:851,2
DA:853,1
DA:858,3
DA:859,3
DA:860,12
DA:862,3
DA:864,1
DA:952,2
DA:956,2
DA:957,2
DA:958,2
DA:959,2
DA:960,1
DA:961,1
DA:962,2
DA:964,1
DA:969,2
DA:970,2
DA:971,8
DA:973,2
DA:975,1
DA:1066,1
DA:1067,1
DA:1072,1
DA:1074,1
DA:1076,1
DA:1077,2
DA:1078,1
DA:1080,1
DA:1082,4
DA:1085,1
DA:1086,1
DA:1088,1
DA:1089,1
DA:1094,1
DA:1096,1
DA:1098,1
DA:1100,1
DA:1102,1
DA:1104,4
DA:1107,1
DA:1108,1
DA:1110,1
DA:1111,1
DA:1116,1
DA:1118,1
DA:1120,1
DA:1121,2
DA:1122,1
DA:1124,1
DA:1126,4
DA:1129,1
DA:1130,1
DA:1132,1
DA:1133,1
DA:1138,1
DA:1140,1
DA:1142,1
DA:1143,2
DA:1144,1
DA:1146,1
DA:1148,4
DA:1151,1
DA:1152,1
DA:1154,1
DA:1155,1
DA:1160,1
DA:1162,1
DA:1164,1
DA:1165,2
DA:1166,2
DA:1167,1
DA:1169,1
DA:1171,4
DA:1174,1
DA:1175,1
DA:1177,1
DA:1178,1
DA:1183,1
DA:1185,1
DA:1187,1
DA:1188,3
DA:1189,1
DA:1190,1
DA:1192,1
DA:1194,4
DA:1197,1
DA:1199,1
DA:1200,1
DA:1205,1
DA:1207,1
DA:1209,1
DA:1210,2
DA:1211,1
DA:1213,1
DA:1215,4
DA:1218,2
DA:1220,1
DA:1221,1
DA:1223,1
LF:165
LH:164
end_of_record
SF:D:\Users\Simon\Workspaces\cell\packages\cell_flow\lib\src\instruction\pluck.dart
DA:66,4
DA:67,8
DA:68,2
DA:69,1
DA:70,3
DA:71,1
DA:73,1
DA:75,1
DA:76,1
DA:77,2
DA:82,4
DA:83,4
DA:85,0
DA:86,4
DA:87,4
DA:181,4
DA:185,4
DA:186,4
DA:188,8
DA:189,4
DA:190,1
DA:191,2
DA:194,4
DA:196,1
DA:283,4
DA:288,4
DA:289,4
DA:291,8
DA:292,4
DA:293,1
DA:295,4
DA:297,1
DA:298,1
DA:393,2
DA:399,2
DA:400,2
DA:401,2
DA:403,4
DA:405,6
DA:408,0
DA:410,1
DA:414,2
DA:416,0
DA:532,4
DA:538,4
DA:539,3
DA:541,3
DA:542,6
DA:543,3
DA:545,3
DA:546,3
DA:549,0
DA:551,1
DA:552,2
DA:555,1
DA:557,1
DA:629,1
DA:630,1
DA:635,1
DA:637,1
DA:639,2
DA:641,1
DA:643,4
DA:646,2
DA:648,1
DA:649,1
DA:654,1
DA:656,1
DA:658,1
DA:661,1
DA:663,1
DA:665,4
DA:668,2
DA:670,1
DA:671,1
DA:676,1
DA:678,1
DA:680,3
DA:682,1
DA:684,4
DA:687,2
DA:689,1
DA:690,1
DA:695,1
DA:697,1
DA:699,3
DA:701,1
DA:703,4
DA:706,2
DA:707,1
DA:710,1
DA:711,1
DA:713,1
LF:93
LH:89
end_of_record
SF:D:\Users\Simon\Workspaces\cell\packages\cell_flow\lib\src\instruction\scan.dart
DA:26,4
DA:30,4
DA:31,4
DA:32,1
DA:33,3
DA:34,1
DA:41,4
DA:42,4
DA:44,0
DA:45,4
DA:46,4
DA:166,4
DA:170,4
DA:171,4
DA:172,4
DA:173,4
DA:174,4
DA:176,4
DA:177,4
DA:178,4
DA:179,4
DA:183,12
DA:185,1
DA:188,8
DA:190,4
DA:308,2
DA:313,2
DA:314,2
DA:315,4
DA:316,2
DA:317,2
DA:320,8
DA:322,1
DA:325,4
DA:327,2
DA:435,2
DA:440,2
DA:441,2
DA:442,4
DA:444,2
DA:445,2
DA:448,4
DA:449,2
DA:450,2
DA:451,2
DA:454,0
DA:457,4
DA:459,2
DA:532,1
DA:533,1
DA:535,1
DA:536,1
DA:537,4
DA:538,1
DA:540,4
DA:542,1
DA:543,1
DA:544,1
DA:545,1
DA:546,1
DA:548,1
DA:549,1
DA:551,4
DA:552,1
DA:554,4
DA:556,1
DA:557,1
DA:558,1
DA:559,1
DA:560,1
DA:562,1
DA:563,1
DA:564,1
DA:565,1
DA:566,3
DA:567,1
DA:568,1
DA:570,4
DA:572,1
DA:573,1
DA:574,1
DA:575,1
DA:577,1
LF:83
LH:81
end_of_record
SF:D:\Users\Simon\Workspaces\cell\packages\cell_flow\lib\src\instruction\reduce.dart
DA:47,4
DA:48,4
DA:50,0
DA:51,4
DA:52,4
DA:69,4
DA:73,4
DA:74,4
DA:75,1
DA:76,3
DA:77,1
DA:131,4
DA:275,4
DA:281,8
DA:283,4
DA:288,4
DA:289,4
DA:291,4
DA:292,4
DA:295,16
DA:296,8
DA:298,1
DA:301,8
DA:303,4
DA:397,2
DA:401,2
DA:402,2
DA:403,2
DA:406,2
DA:407,4
DA:413,1
DA:554,2
DA:561,2
DA:563,2
DA:569,2
DA:575,2
DA:576,2
DA:578,2
DA:579,2
DA:581,2
DA:583,6
DA:584,4
DA:586,1
DA:589,2
DA:590,4
DA:592,2
DA:660,1
DA:661,1
DA:666,1
DA:668,1
DA:670,1
DA:672,2
DA:675,1
DA:677,1
DA:679,4
DA:682,1
DA:683,1
DA:685,6
DA:687,1
DA:688,1
DA:693,1
DA:695,1
DA:697,1
DA:698,2
DA:699,1
DA:701,1
DA:703,4
DA:706,2
DA:708,1
DA:709,1
DA:714,1
DA:716,1
DA:718,1
DA:720,1
DA:722,2
DA:723,2
DA:727,1
DA:729,1
DA:731,4
DA:734,1
DA:735,1
DA:737,1
DA:738,1
DA:740,1
LF:84
LH:83
end_of_record
SF:D:\Users\Simon\Workspaces\cell\packages\cell_flow\lib\src\instruction\pairwise.dart
DA:26,4
DA:30,4
DA:31,4
DA:32,1
DA:33,3
DA:34,1
DA:41,4
DA:42,4
DA:44,0
DA:45,4
DA:46,4
DA:175,4
DA:178,4
DA:179,4
DA:180,4
DA:181,4
DA:182,4
DA:184,4
DA:185,4
DA:186,4
DA:187,4
DA:190,4
DA:191,4
DA:192,4
DA:199,4
DA:315,2
DA:319,2
DA:320,2
DA:321,2
DA:322,2
DA:323,2
DA:325,2
DA:326,2
DA:327,2
DA:328,2
DA:331,2
DA:332,2
DA:334,2
DA:335,2
DA:341,1
DA:345,2
DA:403,1
DA:404,1
DA:406,1
DA:407,1
DA:408,2
DA:409,1
DA:411,4
DA:413,1
DA:414,1
DA:415,1
DA:416,1
DA:417,1
DA:419,1
DA:420,1
DA:421,3
DA:422,1
DA:423,1
DA:425,4
DA:427,1
DA:428,1
DA:429,1
DA:430,1
DA:431,1
DA:433,1
LF:65
LH:64
end_of_record
SF:D:\Users\Simon\Workspaces\cell\packages\cell_flow\lib\src\instruction\async_map.dart
DA:62,4
DA:63,4
DA:65,0
DA:66,4
DA:67,4
DA:73,4
DA:74,12
DA:192,4
DA:196,4
DA:197,4
DA:198,4
DA:200,4
DA:201,4
DA:202,4
DA:203,1
DA:204,1
DA:205,2
DA:207,1
DA:211,4
DA:212,4
DA:215,4
DA:216,4
DA:218,4
DA:219,4
DA:220,4
DA:224,1
DA:230,4
DA:233,4
DA:251,1
DA:329,3
DA:333,3
DA:334,3
DA:335,3
DA:336,3
DA:337,1
DA:338,1
DA:339,2
DA:341,1
DA:345,3
DA:347,3
DA:348,3
DA:349,3
DA:353,1
DA:357,3
DA:436,4
DA:440,4
DA:441,4
DA:443,4
DA:444,4
DA:445,4
DA:446,1
DA:447,1
DA:448,2
DA:450,1
DA:454,4
DA:455,4
DA:457,4
DA:458,4
DA:459,4
DA:460,4
DA:464,1
DA:468,4
DA:471,4
DA:543,2
DA:547,2
DA:548,2
DA:550,2
DA:552,2
DA:553,2
DA:554,2
DA:555,1
DA:556,1
DA:557,2
DA:559,1
DA:563,2
DA:564,2
DA:567,2
DA:568,2
DA:571,6
DA:572,2
DA:573,2
DA:574,2
DA:578,1
DA:584,2
DA:587,2
DA:654,2
DA:659,2
DA:660,2
DA:661,2
DA:663,2
DA:664,2
DA:665,2
DA:666,1
DA:667,1
DA:668,2
DA:670,1
DA:674,2
DA:675,2
DA:678,2
DA:679,2
DA:683,2
DA:684,2
DA:685,2
DA:690,2
DA:691,2
DA:692,2
DA:699,2
DA:702,2
DA:769,2
DA:774,2
DA:775,2
DA:776,2
DA:778,2
DA:779,2
DA:780,2
DA:781,1
DA:782,1
DA:783,2
DA:785,1
DA:789,2
DA:790,2
DA:793,2
DA:794,2
DA:796,4
DA:797,1
DA:798,1
DA:802,2
DA:808,2
DA:811,2
DA:881,2
DA:886,2
DA:887,2
DA:888,2
DA:890,2
DA:891,2
DA:892,2
DA:893,1
DA:894,1
DA:895,2
DA:897,1
DA:901,2
DA:902,2
DA:905,2
DA:906,2
DA:908,2
DA:909,0
DA:910,0
DA:914,2
DA:915,2
DA:916,2
DA:929,2
DA:932,2
DA:1021,1
DA:1022,1
DA:1027,1
DA:1029,1
DA:1031,1
DA:1032,2
DA:1033,1
DA:1035,1
DA:1037,4
DA:1040,1
DA:1041,1
DA:1042,1
DA:1044,1
DA:1045,1
DA:1050,1
DA:1052,1
DA:1054,1
DA:1055,1
DA:1056,3
DA:1059,1
DA:1061,1
DA:1063,4
DA:1066,1
DA:1067,1
DA:1068,1
DA:1070,1
DA:1071,1
DA:1076,1
DA:1078,1
DA:1080,1
DA:1081,1
DA:1082,3
DA:1085,1
DA:1087,1
DA:1089,4
DA:1092,1
DA:1093,1
DA:1094,1
DA:1096,1
DA:1097,1
DA:1102,1
DA:1104,1
DA:1106,1
DA:1107,2
DA:1108,1
DA:1110,1
DA:1112,4
DA:1115,1
DA:1116,1
DA:1117,1
DA:1119,1
DA:1120,1
DA:1125,1
DA:1128,1
DA:1130,1
DA:1131,1
DA:1132,1
DA:1133,2
DA:1137,1
DA:1138,1
DA:1140,1
DA:1142,4
DA:1145,1
DA:1146,1
DA:1148,1
DA:1149,1
DA:1154,1
DA:1156,1
DA:1158,1
DA:1159,1
DA:1160,1
DA:1164,1
DA:1165,1
DA:1167,1
DA:1169,0
DA:1172,1
DA:1173,1
DA:1175,1
DA:1176,1
DA:1181,1
DA:1183,1
DA:1185,1
DA:1186,2
DA:1188,1
DA:1189,1
DA:1191,1
DA:1193,4
DA:1196,1
DA:1197,1
DA:1199,1
DA:1200,1
DA:1202,1
LF:244
LH:240
end_of_record
SF:D:\Users\Simon\Workspaces\cell\packages\cell_flow\lib\src\instruction\async_fold.dart
DA:59,4
DA:60,4
DA:62,0
DA:63,4
DA:64,4
DA:111,4
DA:229,4
DA:235,8
DA:237,4
DA:242,4
DA:243,4
DA:245,4
DA:247,4
DA:248,4
DA:249,4
DA:250,1
DA:251,1
DA:252,2
DA:254,1
DA:258,4
DA:259,4
DA:262,4
DA:263,4
DA:265,8
DA:266,12
DA:268,8
DA:269,4
DA:270,8
DA:274,1
DA:280,4
DA:283,4
DA:362,3
DA:366,3
DA:367,3
DA:370,3
DA:372,3
DA:373,3
DA:374,3
DA:375,1
DA:376,1
DA:377,2
DA:379,1
DA:383,3
DA:384,3
DA:387,3
DA:388,3
DA:392,3
DA:393,3
DA:399,9
DA:400,3
DA:401,3
DA:405,0
DA:411,3
DA:414,3
DA:499,3
DA:505,6
DA:507,3
DA:512,3
DA:513,3
DA:516,3
DA:517,3
DA:518,3
DA:519,1
DA:520,1
DA:521,2
DA:523,1
DA:527,3
DA:528,3
DA:529,3
DA:531,9
DA:532,3
DA:533,3
DA:534,6
DA:535,3
DA:536,3
DA:540,1
DA:544,3
DA:547,3
DA:637,3
DA:643,6
DA:645,3
DA:650,3
DA:651,3
DA:654,3
DA:655,3
DA:656,3
DA:657,1
DA:658,1
DA:659,2
DA:661,1
DA:667,3
DA:669,6
DA:670,9
DA:672,6
DA:673,3
DA:674,6
DA:678,0
DA:684,3
DA:687,3
DA:762,1
DA:763,1
DA:768,1
DA:770,1
DA:772,1
DA:774,2
DA:775,1
DA:777,1
DA:779,4
DA:782,1
DA:783,1
DA:784,1
DA:786,1
DA:787,1
DA:792,1
DA:794,1
DA:796,1
DA:797,2
DA:798,1
DA:800,1
DA:802,4
DA:805,1
DA:806,1
DA:807,1
DA:809,1
DA:810,1
DA:815,1
DA:817,1
DA:819,1
DA:821,1
DA:822,3
DA:823,2
DA:825,1
DA:827,1
DA:829,4
DA:832,1
DA:833,1
DA:834,1
DA:836,1
DA:837,1
DA:842,1
DA:844,1
DA:846,1
DA:848,1
DA:849,1
DA:850,1
DA:852,1
DA:854,1
DA:856,4
DA:859,1
DA:860,1
DA:861,1
DA:863,1
DA:864,1
DA:866,1
LF:154
LH:151
end_of_record
SF:D:\Users\Simon\Workspaces\cell\packages\cell_flow\lib\src\instruction\filter.dart
DA:44,4
DA:49,4
DA:51,0
DA:54,4
DA:55,1
DA:56,3
DA:57,1
DA:64,8
DA:66,1
DA:67,1
DA:69,0
DA:70,1
DA:71,1
DA:106,4
DA:110,4
DA:111,4
DA:112,4
DA:115,12
DA:117,1
DA:129,2
DA:133,2
DA:134,2
DA:135,2
DA:136,2
DA:137,2
DA:140,4
DA:142,4
DA:143,4
DA:146,1
DA:151,2
DA:159,1
DA:163,1
DA:164,1
DA:165,1
DA:168,2
DA:170,2
DA:171,1
DA:172,1
DA:177,0
DA:188,1
DA:192,1
DA:193,1
DA:194,1
DA:195,1
DA:196,1
DA:199,2
DA:200,2
DA:202,2
DA:203,2
DA:204,1
DA:205,1
DA:209,0
DA:214,1
DA:221,1
DA:227,1
DA:228,1
DA:229,1
DA:230,1
DA:231,1
DA:232,1
DA:235,2
DA:238,2
DA:240,2
DA:241,1
DA:242,1
DA:250,3
DA:251,1
DA:255,1
DA:259,1
DA:266,1
DA:271,1
DA:272,1
DA:273,1
DA:274,1
DA:275,1
DA:278,2
DA:280,1
DA:281,3
DA:282,1
DA:284,1
DA:285,1
DA:289,1
DA:290,1
DA:292,0
DA:297,1
DA:304,1
DA:309,1
DA:310,1
DA:311,1
DA:312,1
DA:313,1
DA:316,2
DA:318,2
DA:319,1
DA:320,1
DA:325,1
DA:327,1
DA:328,1
DA:336,1
DA:343,2
DA:346,2
DA:347,2
DA:348,2
DA:350,2
DA:351,1
DA:352,1
DA:353,2
DA:355,1
DA:359,2
DA:367,2
DA:370,2
DA:371,2
DA:372,6
DA:381,1
DA:385,1
DA:386,1
DA:387,1
DA:389,2
DA:390,1
DA:399,1
DA:403,1
DA:404,1
DA:405,1
DA:407,2
DA:409,1
DA:419,1
DA:423,1
DA:424,1
DA:425,1
DA:426,1
DA:427,1
DA:429,1
DA:431,1
DA:432,1
DA:435,1
DA:436,1
DA:437,1
DA:438,1
DA:439,1
DA:442,2
DA:443,1
DA:444,0
DA:445,0
DA:446,0
DA:449,1
DA:450,1
DA:451,1
DA:452,4
DA:453,1
DA:454,1
DA:455,1
DA:457,2
DA:458,1
DA:459,1
DA:465,1
DA:483,1
DA:484,2
DA:485,1
DA:488,1
DA:489,1
DA:490,1
DA:491,1
DA:502,2
DA:503,12
DA:535,1
DA:536,1
DA:538,1
DA:539,1
DA:540,5
DA:541,1
DA:543,4
DA:545,2
DA:546,1
DA:548,1
DA:549,1
DA:550,1
DA:552,1
DA:553,1
DA:554,2
DA:555,1
DA:557,4
DA:559,1
DA:560,1
DA:561,1
DA:562,1
DA:563,1
DA:564,1
DA:566,1
DA:567,1
DA:568,2
DA:569,1
DA:571,4
DA:573,1
DA:574,1
DA:575,1
DA:576,1
DA:577,1
DA:578,1
DA:580,1
DA:581,1
DA:582,1
DA:583,1
DA:584,1
DA:585,2
DA:587,1
DA:588,1
DA:590,4
DA:592,1
DA:593,1
DA:594,1
DA:595,1
DA:596,1
DA:597,1
DA:599,1
LF:214
LH:206
end_of_record
SF:D:\Users\Simon\Workspaces\cell\packages\cell_flow\lib\src\instruction\distinct.dart
DA:30,4
DA:35,4
DA:37,0
DA:40,4
DA:41,1
DA:42,3
DA:43,1
DA:50,8
DA:52,8
DA:181,2
DA:185,2
DA:186,2
DA:187,2
DA:188,4
DA:189,2
DA:190,2
DA:192,2
DA:193,2
DA:195,4
DA:197,1
DA:201,2
DA:202,2
DA:203,2
DA:205,2
DA:307,2
DA:312,2
DA:313,2
DA:314,2
DA:315,4
DA:316,2
DA:317,2
DA:319,2
DA:322,2
DA:324,1
DA:327,2
DA:329,4
DA:331,0
DA:335,2
DA:336,2
DA:337,2
DA:339,2
DA:447,4
DA:451,4
DA:452,4
DA:453,4
DA:454,8
DA:455,4
DA:456,4
DA:458,4
DA:460,8
DA:461,4
DA:464,0
DA:467,4
DA:468,4
DA:470,4
DA:577,2
DA:581,2
DA:582,2
DA:584,2
DA:585,2
DA:587,2
DA:590,2
DA:592,1
DA:595,2
DA:596,2
DA:598,2
DA:674,1
DA:675,1
DA:677,1
DA:678,1
DA:679,2
DA:680,1
DA:682,4
DA:684,2
DA:685,1
DA:687,1
DA:688,1
DA:689,1
DA:691,1
DA:692,1
DA:693,3
DA:694,1
DA:695,1
DA:697,4
DA:699,1
DA:700,1
DA:701,1
DA:702,1
DA:703,1
DA:704,1
DA:706,1
DA:707,1
DA:708,2
DA:709,1
DA:711,4
DA:713,2
DA:714,1
DA:716,1
DA:717,1
DA:718,1
DA:720,1
DA:721,1
DA:722,3
DA:723,1
DA:724,1
DA:726,4
DA:728,2
DA:729,2
DA:730,2
DA:731,1
DA:732,1
DA:733,1
DA:735,1
LF:113
LH:110
end_of_record
SF:D:\Users\Simon\Workspaces\cell\packages\cell_flow\lib\src\instruction\take.dart
DA:32,4
DA:36,4
DA:37,4
DA:38,1
DA:39,3
DA:40,1
DA:47,8
DA:160,4
DA:164,4
DA:165,4
DA:166,4
DA:167,4
DA:168,4
DA:169,4
DA:171,4
DA:172,4
DA:174,4
DA:290,4
DA:295,4
DA:296,4
DA:298,4
DA:300,4
DA:302,4
DA:305,4
DA:307,1
DA:311,4
DA:313,1
DA:315,4
DA:403,4
DA:407,4
DA:408,4
DA:409,4
DA:410,4
DA:412,3
DA:413,3
DA:416,4
DA:417,4
DA:418,4
DA:420,4
DA:422,4
DA:509,2
DA:513,2
DA:514,2
DA:515,2
DA:517,2
DA:518,2
DA:522,4
DA:523,2
DA:526,2
DA:527,2
DA:529,2
DA:604,1
DA:605,1
DA:607,1
DA:608,1
DA:609,2
DA:610,1
DA:612,4
DA:614,2
DA:615,1
DA:617,1
DA:618,1
DA:620,1
DA:621,1
DA:622,4
DA:623,1
DA:625,4
DA:627,2
DA:628,1
DA:630,1
DA:631,1
DA:633,1
DA:634,1
DA:635,1
DA:636,2
DA:637,1
DA:639,4
DA:641,1
DA:642,1
DA:643,1
DA:644,1
DA:645,1
DA:646,1
DA:648,1
DA:649,1
DA:651,2
DA:652,1
DA:654,4
DA:656,1
DA:657,1
DA:658,1
DA:659,1
DA:660,1
DA:661,1
DA:663,1
LF:95
LH:95
end_of_record
SF:D:\Users\Simon\Workspaces\cell\packages\cell_flow\lib\src\instruction\skip.dart
DA:33,4
DA:37,4
DA:38,4
DA:39,1
DA:40,3
DA:41,1
DA:48,8
DA:167,4
DA:171,4
DA:172,4
DA:173,4
DA:174,4
DA:175,4
DA:177,4
DA:178,4
DA:181,4
DA:183,4
DA:290,4
DA:294,4
DA:295,4
DA:297,4
DA:298,4
DA:300,4
DA:303,4
DA:305,0
DA:310,4
DA:312,4
DA:399,4
DA:403,4
DA:404,4
DA:405,4
DA:406,4
DA:408,4
DA:409,4
DA:412,4
DA:413,4
DA:414,3
DA:416,3
DA:418,4
DA:502,2
DA:506,2
DA:507,2
DA:508,2
DA:510,2
DA:511,2
DA:515,4
DA:516,2
DA:519,2
DA:520,2
DA:522,2
DA:580,2
DA:583,2
DA:667,2
DA:671,2
DA:672,2
DA:673,2
DA:674,2
DA:675,2
DA:676,2
DA:678,3
DA:679,2
DA:680,4
DA:681,2
DA:682,2
DA:684,2
DA:767,4
DA:771,4
DA:772,4
DA:775,8
DA:776,4
DA:777,4
DA:779,4
DA:782,4
DA:784,0
DA:790,4
DA:792,4
DA:873,3
DA:877,3
DA:878,3
DA:879,3
DA:882,6
DA:884,1
DA:887,3
DA:977,1
DA:978,1
DA:980,1
DA:981,1
DA:982,2
DA:983,1
DA:985,4
DA:987,2
DA:988,1
DA:990,1
DA:991,1
DA:993,1
DA:994,1
DA:995,4
DA:996,1
DA:998,4
DA:1000,2
DA:1001,1
DA:1003,1
DA:1004,1
DA:1006,1
DA:1007,1
DA:1008,1
DA:1009,2
DA:1010,1
DA:1012,4
DA:1014,1
DA:1015,1
DA:1016,1
DA:1017,1
DA:1018,1
DA:1019,1
DA:1021,1
DA:1022,1
DA:1024,2
DA:1025,1
DA:1027,4
DA:1029,1
DA:1030,1
DA:1031,1
DA:1032,1
DA:1033,1
DA:1034,1
DA:1036,1
DA:1037,1
DA:1038,2
DA:1039,1
DA:1041,4
DA:1043,1
DA:1044,1
DA:1045,1
DA:1047,1
DA:1048,2
DA:1049,1
DA:1051,4
DA:1053,1
DA:1054,1
DA:1055,1
DA:1056,1
DA:1058,1
DA:1059,2
DA:1060,1
DA:1062,4
DA:1064,2
DA:1065,1
DA:1067,1
DA:1069,1
DA:1070,4
DA:1071,1
DA:1073,4
DA:1075,1
DA:1076,1
DA:1077,1
DA:1078,1
DA:1079,1
DA:1081,1
LF:159
LH:157
end_of_record
SF:D:\Users\Simon\Workspaces\cell\packages\cell_flow\lib\src\instruction\concat.dart
DA:50,3
DA:51,3
DA:53,0
DA:54,3
DA:55,3
DA:84,3
DA:90,2
DA:92,3
DA:93,2
DA:94,0
DA:95,1
DA:100,3
DA:101,1
DA:102,1
DA:106,6
DA:107,6
DA:108,2
DA:109,3
DA:114,3
DA:127,3
DA:128,3
DA:129,6
DA:230,3
DA:234,3
DA:235,3
DA:237,3
DA:240,3
DA:241,6
DA:243,6
DA:244,3
DA:245,3
DA:246,3
DA:252,1
DA:257,3
DA:260,3
DA:329,4
DA:332,4
DA:333,4
DA:334,4
DA:336,3
DA:337,6
DA:338,3
DA:341,3
DA:342,3
DA:344,6
DA:345,3
DA:346,3
DA:347,3
DA:353,1
DA:359,3
DA:362,4
DA:429,2
DA:432,2
DA:433,2
DA:434,2
DA:436,2
DA:437,4
DA:438,2
DA:441,2
DA:442,2
DA:445,4
DA:447,2
DA:449,2
DA:450,2
DA:454,2
DA:456,0
DA:462,2
DA:465,2
DA:532,3
DA:535,3
DA:536,3
DA:537,3
DA:539,3
DA:540,6
DA:541,3
DA:544,3
DA:545,3
DA:547,3
DA:548,6
DA:549,6
DA:550,1
DA:552,3
DA:553,3
DA:554,3
DA:559,0
DA:565,3
DA:568,3
DA:638,1
DA:639,1
DA:644,1
DA:646,1
DA:648,2
DA:649,1
DA:650,1
DA:651,1
DA:653,1
DA:655,4
DA:658,1
DA:659,1
DA:661,1
DA:662,1
DA:667,1
DA:669,1
DA:671,2
DA:673,1
DA:675,4
DA:678,2
DA:679,2
DA:680,1
DA:682,1
DA:683,1
DA:688,1
DA:690,1
DA:692,2
DA:694,1
DA:696,4
DA:699,2
DA:700,1
DA:702,1
DA:703,1
DA:708,1
DA:710,1
DA:712,2
DA:714,1
DA:716,4
DA:719,2
DA:720,1
DA:722,1
DA:723,1
DA:725,1
LF:130
LH:126
end_of_record
SF:D:\Users\Simon\Workspaces\cell\packages\cell_flow\lib\src\instruction\concat_map.dart
DA:29,3
DA:30,3
DA:32,0
DA:33,3
DA:34,3
DA:39,3
DA:45,2
DA:47,3
DA:48,4
DA:49,2
DA:50,2
DA:55,3
DA:57,0
DA:61,5
DA:62,4
DA:63,1
DA:64,2
DA:69,3
DA:101,4
DA:105,4
DA:106,4
DA:107,4
DA:108,3
DA:109,3
DA:110,3
DA:111,1
DA:112,1
DA:113,2
DA:115,1
DA:119,6
DA:121,9
DA:122,6
DA:123,3
DA:124,3
DA:125,3
DA:131,1
DA:136,4
DA:144,2
DA:148,2
DA:149,2
DA:150,2
DA:151,2
DA:152,4
DA:154,2
DA:155,4
DA:156,2
DA:157,2
DA:158,2
DA:164,1
DA:169,2
DA:179,2
DA:183,2
DA:184,2
DA:185,2
DA:186,2
DA:187,2
DA:188,2
DA:189,1
DA:190,1
DA:191,2
DA:193,1
DA:197,4
DA:198,4
DA:200,6
DA:201,4
DA:202,2
DA:204,2
DA:205,4
DA:206,2
DA:207,2
DA:208,2
DA:213,6
DA:216,0
DA:221,2
DA:231,2
DA:235,2
DA:236,2
DA:237,2
DA:238,2
DA:239,2
DA:240,2
DA:241,2
DA:242,1
DA:243,1
DA:244,2
DA:246,1
DA:250,2
DA:251,4
DA:253,6
DA:254,4
DA:255,2
DA:256,2
DA:257,2
DA:263,1
DA:265,2
DA:270,2
DA:282,3
DA:283,18
DA:327,1
DA:328,1
DA:330,1
DA:331,1
DA:332,2
DA:333,1
DA:334,1
DA:335,1
DA:336,1
DA:337,1
DA:339,4
DA:341,1
DA:342,1
DA:343,1
DA:344,1
DA:345,1
DA:347,1
DA:348,1
DA:349,2
DA:352,1
DA:353,1
DA:355,4
DA:357,1
DA:358,1
DA:359,1
DA:360,1
DA:361,1
DA:363,1
DA:364,1
DA:365,2
DA:366,3
DA:367,1
DA:368,1
DA:369,1
DA:370,1
DA:372,4
DA:374,1
DA:375,1
DA:376,1
DA:377,1
DA:378,1
DA:380,1
DA:381,1
DA:382,2
DA:383,1
DA:384,1
DA:385,1
DA:386,1
DA:387,1
DA:389,4
DA:391,1
DA:392,1
DA:393,1
DA:394,1
DA:395,1
DA:396,1
DA:398,1
LF:155
LH:152
end_of_record
SF:D:\Users\Simon\Workspaces\cell\packages\cell_flow\lib\src\instruction\merge_map.dart
DA:61,3
DA:62,3
DA:64,0
DA:65,3
DA:66,3
DA:97,3
DA:103,0
DA:105,3
DA:106,0
DA:107,0
DA:108,0
DA:113,3
DA:114,0
DA:115,0
DA:119,5
DA:120,4
DA:121,0
DA:122,2
DA:127,3
DA:151,9
DA:161,3
DA:165,12
DA:166,6
DA:167,6
DA:168,3
DA:170,3
DA:172,6
DA:173,3
DA:177,3
DA:311,4
DA:316,4
DA:317,4
DA:318,4
DA:319,8
DA:320,3
DA:321,3
DA:322,3
DA:323,1
DA:324,1
DA:325,2
DA:327,1
DA:331,3
DA:332,3
DA:334,3
DA:336,9
DA:337,6
DA:338,3
DA:339,3
DA:340,3
DA:346,1
DA:352,4
DA:444,2
DA:449,2
DA:450,2
DA:451,2
DA:452,4
DA:454,2
DA:455,4
DA:456,2
DA:458,2
DA:460,2
DA:461,4
DA:462,2
DA:463,2
DA:464,2
DA:470,1
DA:476,2
DA:582,2
DA:587,2
DA:588,2
DA:590,2
DA:591,2
DA:592,2
DA:593,1
DA:594,1
DA:595,2
DA:597,1
DA:602,2
DA:604,6
DA:605,4
DA:606,2
DA:608,2
DA:609,2
DA:615,1
DA:619,2
DA:622,2
DA:686,1
DA:687,1
DA:692,1
DA:694,1
DA:696,1
DA:697,1
DA:699,3
DA:702,1
DA:704,1
DA:706,4
DA:710,1
DA:711,1
DA:712,1
DA:714,1
DA:715,1
DA:720,1
DA:722,1
DA:724,1
DA:725,1
DA:726,1
DA:728,1
DA:730,4
DA:734,1
DA:735,1
DA:736,1
DA:738,1
DA:739,1
DA:744,1
DA:746,1
DA:748,1
DA:750,1
DA:752,2
DA:753,1
DA:755,1
DA:757,1
DA:759,4
DA:762,1
DA:763,1
DA:764,1
DA:766,1
DA:767,1
DA:769,1
LF:128
LH:120
end_of_record
SF:D:\Users\Simon\Workspaces\cell\packages\cell_flow\lib\src\instruction\switch_map.dart
DA:96,0
DA:100,3
DA:101,3
DA:103,0
DA:104,3
DA:105,3
DA:134,3
DA:140,3
DA:142,3
DA:143,6
DA:144,3
DA:145,3
DA:150,3
DA:151,0
DA:152,0
DA:156,5
DA:157,4
DA:158,2
DA:159,2
DA:164,3
DA:295,4
DA:299,4
DA:300,4
DA:301,4
DA:302,3
DA:303,3
DA:304,3
DA:305,1
DA:306,1
DA:307,2
DA:309,1
DA:313,6
DA:314,3
DA:316,9
DA:317,6
DA:318,3
DA:320,3
DA:321,6
DA:322,3
DA:323,3
DA:324,3
DA:329,9
DA:332,3
DA:336,3
DA:339,4
DA:430,2
DA:434,2
DA:435,2
DA:436,2
DA:437,2
DA:438,4
DA:439,2
DA:441,2
DA:442,4
DA:443,2
DA:445,2
DA:446,4
DA:447,2
DA:448,2
DA:449,2
DA:454,6
DA:457,3
DA:461,2
DA:464,2
DA:542,2
DA:545,2
DA:546,2
DA:547,2
DA:548,2
DA:549,4
DA:550,2
DA:552,2
DA:553,2
DA:554,2
DA:555,4
DA:556,2
DA:557,2
DA:558,2
DA:563,6
DA:566,3
DA:570,2
DA:573,2
DA:678,2
DA:683,3
DA:685,2
DA:690,2
DA:691,2
DA:693,2
DA:694,2
DA:695,2
DA:696,1
DA:697,1
DA:698,2
DA:700,1
DA:704,4
DA:705,2
DA:706,2
DA:708,6
DA:709,4
DA:710,2
DA:712,2
DA:713,4
DA:714,2
DA:715,2
DA:716,2
DA:717,2
DA:722,6
DA:725,3
DA:729,2
DA:732,2
DA:797,1
DA:798,1
DA:803,1
DA:805,1
DA:807,1
DA:808,1
DA:810,3
DA:811,1
DA:812,1
DA:814,1
DA:816,1
DA:818,4
DA:821,1
DA:822,1
DA:823,1
DA:825,1
DA:826,1
DA:831,1
DA:833,1
DA:835,1
DA:836,1
DA:838,1
DA:841,1
DA:843,1
DA:845,4
DA:848,1
DA:849,1
DA:850,1
DA:852,1
DA:853,1
DA:858,1
DA:860,1
DA:862,2
DA:864,1
DA:866,4
DA:869,3
DA:870,1
DA:871,2
DA:873,2
DA:874,1
DA:876,1
DA:877,1
DA:882,1
DA:884,1
DA:885,1
DA:887,1
DA:888,3
DA:890,1
DA:892,1
DA:894,4
DA:897,1
DA:898,1
DA:899,1
DA:901,1
DA:902,1
DA:904,1
LF:166
LH:162
end_of_record
SF:D:\Users\Simon\Workspaces\cell\packages\cell_flow\lib\src\instruction\exhaust_map.dart
DA:35,3
DA:36,3
DA:38,0
DA:39,3
DA:40,3
DA:45,3
DA:51,2
DA:53,3
DA:54,6
DA:55,2
DA:56,3
DA:61,3
DA:63,1
DA:67,5
DA:68,4
DA:69,0
DA:70,2
DA:75,3
DA:212,4
DA:216,4
DA:217,4
DA:218,4
DA:219,3
DA:220,3
DA:221,3
DA:222,3
DA:223,1
DA:224,1
DA:225,2
DA:227,1
DA:231,3
DA:232,6
DA:234,9
DA:235,6
DA:236,3
DA:237,3
DA:238,3
DA:244,1
DA:246,3
DA:251,4
DA:333,2
DA:337,2
DA:338,2
DA:339,2
DA:340,2
DA:341,2
DA:342,2
DA:343,4
DA:345,2
DA:346,4
DA:347,2
DA:348,2
DA:349,2
DA:355,1
DA:357,2
DA:362,2
DA:443,2
DA:446,2
DA:447,2
DA:448,2
DA:449,2
DA:450,2
DA:451,2
DA:452,4
DA:454,6
DA:455,2
DA:456,2
DA:457,2
DA:463,0
DA:465,2
DA:470,2
DA:555,2
DA:559,2
DA:560,2
DA:561,2
DA:562,2
DA:563,2
DA:564,2
DA:565,2
DA:566,1
DA:567,1
DA:568,2
DA:570,1
DA:574,2
DA:575,4
DA:578,6
DA:579,2
DA:581,2
DA:582,2
DA:584,2
DA:585,2
DA:589,2
DA:592,0
DA:594,2
DA:599,2
DA:688,2
DA:692,2
DA:693,2
DA:694,2
DA:695,2
DA:703,2
DA:705,6
DA:706,4
DA:707,2
DA:708,2
DA:709,2
DA:715,0
DA:717,2
DA:718,2
DA:720,2
DA:725,2
DA:726,2
DA:727,2
DA:728,1
DA:729,1
DA:730,2
DA:732,1
DA:736,2
DA:737,2
DA:738,2
DA:741,6
DA:744,2
DA:765,2
DA:766,2
DA:767,2
DA:768,2
DA:769,2
DA:845,1
DA:846,1
DA:848,1
DA:849,1
DA:850,2
DA:851,1
DA:852,1
DA:853,1
DA:854,1
DA:855,1
DA:857,4
DA:859,1
DA:860,1
DA:861,1
DA:862,1
DA:863,1
DA:864,1
DA:866,1
DA:867,1
DA:868,2
DA:871,1
DA:872,1
DA:874,4
DA:876,1
DA:877,1
DA:878,1
DA:879,1
DA:880,1
DA:882,1
DA:883,1
DA:884,2
DA:885,1
DA:887,4
DA:889,2
DA:890,2
DA:891,1
DA:892,1
DA:893,1
DA:895,1
DA:896,1
DA:897,2
DA:898,1
DA:899,1
DA:900,1
DA:901,1
DA:903,4
DA:905,1
DA:906,1
DA:907,1
DA:908,1
DA:909,1
DA:911,1
DA:912,1
DA:913,2
DA:914,1
DA:915,1
DA:916,1
DA:917,1
DA:918,1
DA:920,4
DA:922,1
DA:923,1
DA:924,1
DA:925,1
DA:926,1
DA:927,1
DA:929,1
LF:194
LH:189
end_of_record
SF:D:\Users\Simon\Workspaces\cell\packages\cell_flow\lib\src\instruction\merge.dart
DA:33,2
DA:34,2
DA:36,0
DA:37,2
DA:38,2
DA:43,4
DA:45,2
DA:51,0
DA:53,2
DA:54,0
DA:55,0
DA:56,0
DA:61,2
DA:63,0
DA:67,4
DA:68,4
DA:69,0
DA:70,2
DA:75,2
DA:194,3
DA:199,3
DA:200,3
DA:201,3
DA:203,2
DA:204,2
DA:205,2
DA:206,2
DA:209,4
DA:210,2
DA:212,2
DA:213,2
DA:214,2
DA:215,0
DA:216,0
DA:217,0
DA:219,0
DA:223,4
DA:224,2
DA:226,2
DA:230,2
DA:237,2
DA:238,2
DA:239,0
DA:240,0
DA:241,0
DA:243,0
DA:247,2
DA:249,3
DA:344,2
DA:450,3
DA:453,3
DA:454,2
DA:455,2
DA:457,6
DA:458,2
DA:459,2
DA:460,2
DA:466,0
DA:470,2
DA:540,1
DA:541,1
DA:543,1
DA:544,1
DA:545,1
DA:546,3
DA:547,1
DA:549,4
DA:551,1
DA:552,1
DA:553,1
DA:554,1
DA:555,1
DA:556,1
DA:558,1
DA:559,1
DA:560,1
DA:561,1
DA:563,3
DA:564,1
DA:566,4
DA:568,1
DA:569,1
DA:570,1
DA:571,1
DA:572,1
DA:573,1
DA:575,1
DA:576,1
DA:577,2
DA:578,1
DA:580,4
DA:582,2
DA:583,2
DA:584,1
DA:585,1
DA:586,1
DA:588,1
LF:97
LH:81
end_of_record
SF:D:\Users\Simon\Workspaces\cell\packages\cell_flow\lib\src\instruction\zip.dart
DA:44,3
DA:45,3
DA:47,0
DA:48,3
DA:49,3
DA:92,3
DA:100,12
DA:101,12
DA:103,3
DA:104,6
DA:105,6
DA:106,3
DA:109,1
DA:217,4
DA:222,4
DA:223,4
DA:224,4
DA:225,20
DA:229,3
DA:230,3
DA:232,3
DA:233,12
DA:235,3
DA:240,2
DA:247,3
DA:248,3
DA:249,3
DA:250,3
DA:254,9
DA:255,9
DA:258,12
DA:259,3
DA:264,1
DA:269,4
DA:345,3
DA:350,3
DA:351,3
DA:352,3
DA:353,12
DA:357,3
DA:358,3
DA:359,3
DA:360,3
DA:364,9
DA:366,3
DA:367,3
DA:368,3
DA:369,12
DA:371,3
DA:376,3
DA:385,3
DA:454,3
DA:458,3
DA:459,3
DA:460,3
DA:461,3
DA:462,3
DA:463,3
DA:464,1
DA:465,1
DA:466,2
DA:468,1
DA:472,2
DA:473,4
DA:474,2
DA:475,2
DA:476,2
DA:478,0
DA:479,2
DA:480,2
DA:484,3
DA:544,1
DA:545,1
DA:550,1
DA:552,1
DA:553,1
DA:555,1
DA:556,1
DA:557,1
DA:559,1
DA:561,4
DA:564,1
DA:565,1
DA:567,1
DA:568,1
DA:573,1
DA:575,1
DA:576,1
DA:577,1
DA:579,1
DA:580,1
DA:581,1
DA:583,1
DA:585,4
DA:588,1
DA:589,1
DA:590,1
DA:592,1
DA:593,1
DA:598,1
DA:600,1
DA:602,2
DA:604,1
DA:606,4
DA:609,1
DA:610,1
DA:612,1
DA:613,1
DA:615,1
LF:109
LH:107
end_of_record
SF:D:\Users\Simon\Workspaces\cell\packages\cell_flow\lib\src\instruction\combine_latest.dart
DA:33,3
DA:34,3
DA:36,0
DA:37,3
DA:38,3
DA:177,4
DA:182,4
DA:183,4
DA:184,12
DA:185,4
DA:186,4
DA:191,3
DA:192,9
DA:194,3
DA:196,9
DA:198,6
DA:199,6
DA:200,3
DA:203,1
DA:207,3
DA:208,3
DA:209,3
DA:210,3
DA:213,9
DA:215,3
DA:216,3
DA:217,3
DA:218,9
DA:219,6
DA:220,3
DA:225,3
DA:226,3
DA:227,1
DA:228,1
DA:229,2
DA:231,1
DA:238,9
DA:239,1
DA:240,4
DA:246,0
DA:250,4
DA:355,2
DA:360,2
DA:361,2
DA:362,6
DA:363,2
DA:364,2
DA:367,2
DA:368,6
DA:370,8
DA:371,4
DA:372,4
DA:373,2
DA:376,1
DA:380,2
DA:381,2
DA:382,2
DA:383,2
DA:386,6
DA:388,2
DA:389,2
DA:390,2
DA:391,6
DA:392,4
DA:393,2
DA:400,2
DA:509,4
DA:514,4
DA:515,4
DA:516,12
DA:517,4
DA:519,3
DA:522,9
DA:524,3
DA:525,3
DA:526,2
DA:527,6
DA:528,4
DA:533,3
DA:534,3
DA:535,1
DA:536,1
DA:537,2
DA:539,1
DA:543,9
DA:545,2
DA:546,8
DA:552,0
DA:556,4
DA:640,2
DA:645,2
DA:646,2
DA:647,6
DA:709,1
DA:710,1
DA:712,1
DA:713,1
DA:714,1
DA:715,1
DA:716,1
DA:717,3
DA:718,1
DA:719,1
DA:721,4
DA:723,1
DA:724,1
DA:725,1
DA:726,1
DA:727,1
DA:729,1
DA:730,1
DA:731,1
DA:732,1
DA:733,1
DA:734,1
DA:735,4
DA:736,1
DA:737,1
DA:739,4
DA:741,1
DA:742,1
DA:743,1
DA:744,1
DA:745,1
DA:746,1
DA:748,1
DA:749,1
DA:750,1
DA:751,1
DA:752,1
DA:753,3
DA:754,1
DA:755,1
DA:757,4
DA:759,1
DA:760,1
DA:761,1
DA:762,1
DA:763,1
DA:765,1
DA:766,1
DA:767,1
DA:768,1
DA:770,2
DA:771,1
DA:772,1
DA:774,4
DA:776,1
DA:777,1
DA:778,1
DA:779,1
DA:781,1
LF:152
LH:149
end_of_record
SF:D:\Users\Simon\Workspaces\cell\packages\cell_flow\lib\src\instruction\race.dart
DA:34,3
DA:35,3
DA:37,0
DA:38,3
DA:39,3
DA:44,2
DA:45,2
DA:47,0
DA:49,2
DA:55,3
DA:60,3
DA:62,3
DA:63,4
DA:64,2
DA:65,2
DA:71,3
DA:73,3
DA:76,3
DA:77,0
DA:78,0
DA:79,0
DA:85,3
DA:89,3
DA:96,3
DA:97,3
DA:99,9
DA:101,3
DA:102,3
DA:103,3
DA:104,3
DA:106,0
DA:107,0
DA:238,3
DA:242,3
DA:243,3
DA:244,3
DA:245,3
DA:246,3
DA:247,3
DA:248,3
DA:249,3
DA:250,6
DA:251,6
DA:252,3
DA:254,9
DA:255,9
DA:256,3
DA:257,3
DA:258,3
DA:267,3
DA:350,2
DA:354,2
DA:355,2
DA:356,2
DA:358,2
DA:359,2
DA:360,2
DA:361,4
DA:362,2
DA:363,2
DA:364,2
DA:365,2
DA:366,2
DA:367,2
DA:368,2
DA:377,2
DA:460,2
DA:464,2
DA:465,2
DA:466,2
DA:467,2
DA:468,2
DA:469,2
DA:470,1
DA:471,1
DA:472,2
DA:474,1
DA:478,4
DA:479,4
DA:481,2
DA:482,4
DA:484,2
DA:486,6
DA:487,2
DA:488,2
DA:489,2
DA:490,2
DA:494,0
DA:495,0
DA:499,3
DA:504,2
DA:588,2
DA:593,2
DA:594,2
DA:595,2
DA:596,2
DA:597,2
DA:598,2
DA:599,1
DA:600,1
DA:601,2
DA:603,1
DA:607,4
DA:608,4
DA:611,2
DA:612,2
DA:613,4
DA:615,2
DA:616,2
DA:617,6
DA:618,2
DA:619,2
DA:620,2
DA:621,2
DA:625,0
DA:626,0
DA:630,0
DA:635,2
DA:738,2
DA:744,2
DA:745,2
DA:746,2
DA:747,2
DA:748,2
DA:749,2
DA:750,1
DA:751,1
DA:752,2
DA:754,1
DA:758,4
DA:759,4
DA:761,2
DA:762,4
DA:763,2
DA:764,2
DA:766,6
DA:768,0
DA:769,2
DA:770,6
DA:772,4
DA:773,2
DA:774,2
DA:776,2
DA:777,2
DA:783,1
DA:784,1
DA:785,1
DA:790,0
DA:795,2
DA:878,1
DA:879,1
DA:881,1
DA:882,1
DA:883,2
DA:884,2
DA:885,2
DA:886,1
DA:887,1
DA:889,4
DA:891,1
DA:892,1
DA:893,1
DA:894,1
DA:896,1
DA:897,1
DA:898,2
DA:899,2
DA:900,2
DA:901,1
DA:902,1
DA:904,4
DA:906,1
DA:907,1
DA:908,1
DA:909,1
DA:911,1
DA:912,1
DA:913,3
DA:914,3
DA:915,1
DA:916,1
DA:917,1
DA:919,4
DA:921,1
DA:922,1
DA:923,1
DA:924,1
DA:926,1
DA:927,1
DA:928,1
DA:929,4
DA:930,2
DA:931,1
DA:932,1
DA:934,4
DA:936,1
DA:937,1
DA:938,1
DA:939,1
DA:941,1
DA:942,1
DA:943,1
DA:944,3
DA:946,1
DA:947,1
DA:949,5
DA:951,1
DA:952,1
DA:953,1
DA:954,1
DA:956,1
LF:211
LH:197
end_of_record
SF:D:\Users\Simon\Workspaces\cell\packages\cell_flow\lib\src\instruction\delay.dart
DA:56,3
DA:60,3
DA:61,3
DA:62,1
DA:63,3
DA:64,1
DA:90,2
DA:92,1
DA:93,1
DA:96,0
DA:100,0
DA:101,0
DA:188,4
DA:192,4
DA:193,3
DA:194,3
DA:196,6
DA:197,3
DA:198,3
DA:281,3
DA:285,3
DA:286,3
DA:287,3
DA:291,6
DA:293,1
DA:296,6
DA:297,3
DA:298,3
DA:400,3
DA:404,3
DA:405,2
DA:406,2
DA:408,2
DA:410,8
DA:411,2
DA:412,2
DA:413,2
DA:417,1
DA:421,2
DA:497,3
DA:501,3
DA:502,3
DA:504,3
DA:505,3
DA:507,3
DA:508,6
DA:509,3
DA:510,3
DA:511,3
DA:517,3
DA:535,1
DA:613,2
DA:618,2
DA:619,2
DA:620,2
DA:622,2
DA:623,1
DA:624,2
DA:625,1
DA:629,4
DA:630,2
DA:631,2
DA:710,1
DA:711,1
DA:716,1
DA:718,1
DA:720,1
DA:722,1
DA:724,1
DA:726,4
DA:729,1
DA:730,1
DA:732,1
DA:733,1
DA:738,1
DA:740,1
DA:742,1
DA:743,3
DA:744,1
DA:746,1
DA:748,4
DA:751,1
DA:752,1
DA:753,1
DA:755,1
DA:756,1
DA:761,1
DA:763,1
DA:765,1
DA:766,2
DA:767,1
DA:769,1
DA:771,4
DA:774,1
DA:775,1
DA:777,1
DA:778,1
DA:783,1
DA:785,1
DA:787,1
DA:789,1
DA:791,1
DA:793,4
DA:796,1
DA:797,1
DA:798,1
DA:800,1
DA:801,1
DA:806,1
DA:808,1
DA:810,1
DA:813,1
DA:815,1
DA:817,4
DA:820,1
DA:821,1
DA:823,1
DA:824,1
DA:826,1
LF:119
LH:116
end_of_record
SF:D:\Users\Simon\Workspaces\cell\packages\cell_flow\lib\src\instruction\debounce.dart
DA:25,3
DA:29,3
DA:30,3
DA:31,1
DA:32,3
DA:33,1
DA:40,4
DA:42,3
DA:43,3
DA:45,0
DA:46,3
DA:47,3
DA:77,4
DA:81,4
DA:82,4
DA:83,4
DA:84,3
DA:85,3
DA:88,6
DA:89,3
DA:90,6
DA:91,9
DA:92,3
DA:93,3
DA:94,3
DA:96,3
DA:97,3
DA:103,4
DA:111,2
DA:115,2
DA:116,2
DA:117,2
DA:118,2
DA:119,2
DA:122,6
DA:124,2
DA:125,2
DA:126,2
DA:129,5
DA:130,1
DA:135,4
DA:136,2
DA:137,4
DA:138,6
DA:139,2
DA:140,2
DA:141,2
DA:142,2
DA:144,2
DA:145,2
DA:156,2
DA:164,2
DA:168,2
DA:169,2
DA:170,2
DA:171,2
DA:172,2
DA:175,6
DA:177,6
DA:178,2
DA:180,2
DA:182,2
DA:189,2
DA:193,2
DA:194,2
DA:195,2
DA:197,2
DA:198,2
DA:200,2
DA:204,2
DA:206,1
DA:210,2
DA:211,2
DA:212,4
DA:213,2
DA:214,6
DA:215,2
DA:216,2
DA:217,2
DA:218,2
DA:220,2
DA:221,2
DA:227,2
DA:241,3
DA:242,3
DA:243,3
DA:244,6
DA:245,3
DA:274,1
DA:275,1
DA:277,1
DA:278,1
DA:279,1
DA:280,1
DA:281,1
DA:283,4
DA:285,1
DA:286,1
DA:287,1
DA:288,1
DA:289,1
DA:290,1
DA:291,1
DA:292,1
DA:294,1
DA:295,1
DA:296,1
DA:297,1
DA:298,1
DA:300,4
DA:302,1
DA:303,1
DA:304,1
DA:305,1
DA:306,1
DA:307,1
DA:309,1
DA:310,1
DA:311,1
DA:312,1
DA:313,1
DA:315,4
DA:317,1
DA:318,1
DA:319,1
DA:320,1
DA:321,1
DA:322,1
DA:324,1
DA:325,1
DA:326,1
DA:327,3
DA:328,1
DA:329,1
DA:331,4
DA:333,1
DA:334,1
DA:335,1
DA:336,1
DA:337,1
DA:338,1
DA:340,1
LF:142
LH:141
end_of_record
SF:D:\Users\Simon\Workspaces\cell\packages\cell_flow\lib\src\instruction\throttle.dart
DA:29,3
DA:33,3
DA:34,3
DA:35,1
DA:36,3
DA:37,1
DA:44,6
DA:46,2
DA:47,2
DA:49,0
DA:50,2
DA:51,2
DA:186,4
DA:192,4
DA:193,4
DA:194,4
DA:196,2
DA:203,2
DA:204,2
DA:206,6
DA:208,4
DA:209,6
DA:210,2
DA:211,2
DA:212,2
DA:214,4
DA:215,2
DA:216,2
DA:222,3
DA:223,3
DA:225,3
DA:226,3
DA:228,3
DA:229,9
DA:230,3
DA:231,3
DA:233,2
DA:234,3
DA:236,2
DA:237,2
DA:238,2
DA:243,2
DA:244,2
DA:245,6
DA:246,0
DA:251,4
DA:334,2
DA:338,2
DA:429,2
DA:433,2
DA:450,3
DA:451,3
DA:452,3
DA:453,5
DA:454,3
DA:506,1
DA:507,1
DA:509,1
DA:510,1
DA:511,1
DA:512,1
DA:513,1
DA:515,4
DA:517,1
DA:518,1
DA:519,1
DA:520,1
DA:521,1
DA:522,1
DA:524,1
DA:525,1
DA:526,1
DA:527,1
DA:528,1
DA:530,4
DA:532,1
DA:533,1
DA:534,1
DA:535,1
DA:536,1
DA:537,1
DA:539,1
DA:540,1
DA:541,1
DA:542,1
DA:543,1
DA:545,4
DA:547,1
DA:548,1
DA:549,1
DA:550,1
DA:551,1
DA:552,1
DA:554,1
LF:94
LH:92
end_of_record
SF:D:\Users\Simon\Workspaces\cell\packages\cell_flow\lib\src\instruction\sample.dart
DA:57,3
DA:61,3
DA:62,3
DA:63,1
DA:64,3
DA:65,1
DA:167,4
DA:171,4
DA:172,4
DA:173,4
DA:177,3
DA:178,3
DA:179,3
DA:180,3
DA:184,3
DA:186,3
DA:190,6
DA:191,3
DA:192,3
DA:199,4
DA:273,4
DA:277,4
DA:278,4
DA:279,4
DA:283,3
DA:284,3
DA:285,3
DA:286,3
DA:290,6
DA:294,6
DA:295,3
DA:296,3
DA:302,4
DA:375,3
DA:379,3
DA:380,3
DA:381,3
DA:386,3
DA:387,3
DA:388,3
DA:389,3
DA:396,3
DA:398,3
DA:404,6
DA:405,3
DA:406,3
DA:413,3
DA:485,4
DA:489,4
DA:490,4
DA:491,4
DA:495,2
DA:496,2
DA:497,2
DA:498,2
DA:503,4
DA:508,4
DA:509,2
DA:510,2
DA:515,4
DA:580,1
DA:581,1
DA:586,1
DA:588,1
DA:589,1
DA:591,2
DA:593,1
DA:595,4
DA:598,1
DA:599,1
DA:600,1
DA:602,1
DA:603,1
DA:608,1
DA:610,1
DA:612,1
DA:614,1
DA:616,1
DA:618,4
DA:621,1
DA:622,1
DA:623,1
DA:625,1
DA:626,1
DA:631,1
DA:633,1
DA:634,1
DA:636,2
DA:638,1
DA:640,4
DA:643,1
DA:644,1
DA:646,1
DA:647,1
DA:652,1
DA:654,1
DA:656,1
DA:658,1
DA:660,1
DA:662,4
DA:665,1
DA:666,1
DA:667,1
DA:669,1
DA:670,1
DA:672,1
LF:106
LH:106
end_of_record
SF:D:\Users\Simon\Workspaces\cell\packages\cell_flow\lib\src\instruction\interval.dart
DA:45,3
DA:46,3
DA:48,0
DA:49,3
DA:50,3
DA:92,3
DA:93,5
DA:94,3
DA:224,4
DA:230,4
DA:231,4
DA:232,4
DA:234,3
DA:235,3
DA:236,3
DA:237,6
DA:238,3
DA:239,3
DA:240,3
DA:244,3
DA:246,6
DA:247,4
DA:248,2
DA:252,3
DA:253,3
DA:257,3
DA:258,3
DA:259,3
DA:260,3
DA:261,3
DA:262,2
DA:263,12
DA:266,3
DA:267,3
DA:268,3
DA:270,3
DA:272,0
DA:276,4
DA:376,2
DA:384,2
DA:385,2
DA:387,0
DA:389,2
DA:391,2
DA:392,4
DA:396,2
DA:397,2
DA:398,2
DA:400,2
DA:401,4
DA:402,4
DA:403,2
DA:406,1
DA:407,1
DA:410,4
DA:411,4
DA:412,2
DA:416,2
DA:417,2
DA:418,2
DA:419,2
DA:420,2
DA:421,2
DA:422,2
DA:423,2
DA:424,2
DA:425,2
DA:426,8
DA:429,2
DA:556,2
DA:564,2
DA:565,2
DA:566,2
DA:569,2
DA:570,2
DA:571,2
DA:573,4
DA:575,1
DA:576,1
DA:579,4
DA:580,4
DA:581,2
DA:583,4
DA:584,4
DA:585,2
DA:589,2
DA:590,2
DA:591,2
DA:592,2
DA:593,2
DA:594,2
DA:595,2
DA:596,2
DA:597,2
DA:599,2
DA:600,8
DA:603,2
DA:701,2
DA:707,2
DA:708,2
DA:709,2
DA:710,2
DA:711,2
DA:712,2
DA:713,6
DA:716,1
DA:718,2
DA:719,2
DA:723,1
DA:728,2
DA:798,1
DA:799,1
DA:804,1
DA:806,1
DA:808,1
DA:811,1
DA:813,1
DA:815,4
DA:818,1
DA:819,1
DA:821,1
DA:822,1
DA:827,1
DA:829,1
DA:831,1
DA:833,2
DA:835,1
DA:837,1
DA:839,4
DA:842,1
DA:843,1
DA:845,1
DA:846,1
DA:851,1
DA:853,1
DA:855,1
DA:858,3
DA:860,1
DA:862,1
DA:864,4
DA:867,1
DA:868,1
DA:870,1
DA:871,1
DA:876,1
DA:878,1
DA:880,1
DA:883,1
DA:885,1
DA:887,4
DA:890,1
DA:891,1
DA:893,1
DA:894,1
DA:896,1
LF:155
LH:152
end_of_record
SF:D:\Users\Simon\Workspaces\cell\packages\cell_flow\lib\src\instruction\timeout.dart
DA:59,3
DA:63,3
DA:64,3
DA:65,1
DA:66,3
DA:67,1
DA:75,2
DA:76,2
DA:78,0
DA:80,2
DA:86,2
DA:87,2
DA:89,0
DA:90,2
DA:91,2
DA:128,3
DA:129,4
DA:130,3
DA:161,3
DA:172,3
DA:173,3
DA:174,3
DA:175,3
DA:176,3
DA:177,3
DA:178,3
DA:179,6
DA:284,4
DA:290,4
DA:291,4
DA:292,4
DA:293,3
DA:294,3
DA:296,3
DA:304,3
DA:305,3
DA:306,3
DA:307,3
DA:308,3
DA:311,4
DA:312,2
DA:313,4
DA:314,6
DA:315,2
DA:320,3
DA:322,4
DA:407,2
DA:414,2
DA:415,2
DA:416,2
DA:417,2
DA:418,2
DA:420,2
DA:428,2
DA:429,2
DA:430,2
DA:434,1
DA:436,0
DA:437,0
DA:441,1
DA:444,4
DA:445,2
DA:446,4
DA:447,6
DA:448,2
DA:453,2
DA:455,2
DA:539,3
DA:545,3
DA:546,3
DA:547,3
DA:548,3
DA:549,3
DA:551,3
DA:559,2
DA:560,2
DA:561,2
DA:562,2
DA:563,4
DA:564,2
DA:566,2
DA:567,2
DA:570,2
DA:574,3
DA:576,3
DA:648,2
DA:653,2
DA:713,2
DA:718,2
DA:799,1
DA:800,1
DA:805,1
DA:807,1
DA:809,1
DA:811,1
DA:812,1
DA:814,1
DA:816,1
DA:817,5
DA:820,1
DA:821,1
DA:823,1
DA:824,1
DA:829,1
DA:831,1
DA:833,1
DA:835,1
DA:836,1
DA:837,1
DA:839,1
DA:841,2
DA:842,6
DA:846,1
DA:847,1
DA:849,1
DA:850,1
DA:855,1
DA:857,1
DA:859,1
DA:861,1
DA:862,1
DA:864,1
DA:866,1
DA:867,6
DA:870,1
DA:871,1
DA:873,1
DA:874,1
DA:879,1
DA:881,1
DA:883,1
DA:885,1
DA:886,1
DA:888,1
DA:890,1
DA:891,5
DA:894,1
DA:895,1
DA:896,1
DA:897,1
DA:899,1
DA:900,1
DA:905,1
DA:907,1
DA:909,1
DA:911,1
DA:912,1
DA:914,1
DA:916,1
DA:917,5
DA:920,1
DA:921,1
DA:923,1
DA:924,1
DA:926,1
LF:155
LH:151
end_of_record
SF:D:\Users\Simon\Workspaces\cell\packages\cell_flow\lib\src\instruction\buffer.dart
DA:58,3
DA:62,3
DA:63,3
DA:64,1
DA:65,3
DA:66,1
DA:74,3
DA:80,3
DA:81,3
DA:82,0
DA:83,3
DA:84,3
DA:221,4
DA:226,4
DA:227,4
DA:228,1
DA:229,4
DA:230,3
DA:231,3
DA:233,6
DA:234,6
DA:235,3
DA:236,3
DA:237,6
DA:238,3
DA:240,1
DA:242,3
DA:244,4
DA:261,1
DA:341,4
DA:346,4
DA:347,4
DA:348,4
DA:349,4
DA:353,2
DA:354,2
DA:356,2
DA:357,4
DA:358,4
DA:359,2
DA:361,2
DA:364,2
DA:365,2
DA:366,2
DA:367,2
DA:368,2
DA:371,4
DA:374,6
DA:378,4
DA:385,0
DA:463,2
DA:469,2
DA:470,2
DA:471,2
DA:472,2
DA:476,2
DA:477,2
DA:479,2
DA:480,4
DA:481,4
DA:482,2
DA:484,2
DA:485,2
DA:489,2
DA:490,0
DA:491,4
DA:494,2
DA:495,2
DA:496,2
DA:497,2
DA:498,2
DA:501,2
DA:502,4
DA:503,2
DA:504,4
DA:505,2
DA:509,2
DA:583,2
DA:588,2
DA:589,2
DA:590,2
DA:591,2
DA:595,2
DA:596,2
DA:597,4
DA:598,2
DA:601,2
DA:604,2
DA:606,2
DA:609,2
DA:610,2
DA:611,2
DA:612,2
DA:615,2
DA:617,4
DA:620,2
DA:623,4
DA:626,2
DA:714,2
DA:719,2
DA:720,2
DA:721,2
DA:722,2
DA:723,2
DA:725,2
DA:728,2
DA:730,1
DA:734,2
DA:735,2
DA:736,2
DA:737,2
DA:738,2
DA:740,2
DA:743,2
DA:817,1
DA:818,1
DA:823,1
DA:825,1
DA:827,2
DA:829,1
DA:831,4
DA:834,2
DA:835,1
DA:838,1
DA:839,1
DA:844,1
DA:846,1
DA:848,1
DA:850,1
DA:852,1
DA:854,4
DA:857,1
DA:858,1
DA:859,1
DA:861,1
DA:862,1
DA:867,1
DA:869,1
DA:870,1
DA:872,2
DA:874,1
DA:876,4
DA:879,1
DA:880,1
DA:881,1
DA:883,1
DA:884,1
DA:889,1
DA:891,1
DA:893,1
DA:894,2
DA:895,1
DA:897,1
DA:899,4
DA:902,1
DA:903,1
DA:905,1
DA:906,1
DA:911,1
DA:913,1
DA:915,1
DA:918,1
DA:920,1
DA:922,4
DA:925,1
DA:926,1
DA:927,1
DA:929,1
DA:930,1
DA:932,1
LF:170
LH:167
end_of_record
SF:D:\Users\Simon\Workspaces\cell\packages\cell_flow\lib\src\instruction\window.dart
DA:56,3
DA:60,3
DA:61,3
DA:62,1
DA:63,3
DA:64,1
DA:72,3
DA:78,3
DA:79,3
DA:80,0
DA:81,3
DA:82,3
DA:223,4
DA:228,4
DA:229,4
DA:230,2
DA:231,4
DA:233,3
DA:234,3
DA:236,6
DA:237,3
DA:238,6
DA:239,3
DA:240,3
DA:241,6
DA:242,3
DA:244,2
DA:246,3
DA:248,4
DA:273,2
DA:352,2
DA:357,2
DA:358,2
DA:359,2
DA:360,2
DA:364,2
DA:365,2
DA:367,2
DA:368,4
DA:369,4
DA:370,2
DA:372,2
DA:375,2
DA:376,2
DA:377,2
DA:378,2
DA:379,2
DA:382,4
DA:385,6
DA:389,2
DA:463,2
DA:468,2
DA:469,2
DA:470,2
DA:471,2
DA:475,2
DA:476,2
DA:477,4
DA:478,2
DA:481,2
DA:484,2
DA:486,2
DA:489,2
DA:490,2
DA:491,2
DA:492,2
DA:495,2
DA:497,4
DA:500,2
DA:503,4
DA:506,2
DA:573,1
DA:574,1
DA:579,1
DA:581,1
DA:583,2
DA:585,1
DA:587,4
DA:590,2
DA:591,1
DA:594,1
DA:595,1
DA:600,1
DA:602,1
DA:604,2
DA:606,1
DA:608,4
DA:611,2
DA:612,1
DA:615,1
DA:616,1
DA:621,1
DA:623,1
DA:625,1
DA:627,1
DA:629,1
DA:631,4
DA:634,1
DA:635,1
DA:636,1
DA:638,1
DA:639,1
DA:644,1
DA:646,1
DA:647,1
DA:649,2
DA:651,1
DA:653,4
DA:656,1
DA:657,1
DA:658,1
DA:660,1
DA:661,1
DA:663,1
LF:114
LH:113
end_of_record
SF:D:\Users\Simon\Workspaces\cell\packages\cell_flow\lib\src\instruction\group_by.dart
DA:88,3
DA:96,1
DA:97,3
DA:99,1
DA:101,7
DA:103,0
DA:104,0
DA:119,3
DA:123,3
DA:124,3
DA:125,1
DA:126,3
DA:127,1
DA:135,3
DA:136,3
DA:138,0
DA:139,3
DA:140,3
DA:244,4
DA:248,4
DA:249,3
DA:250,3
DA:253,3
DA:254,3
DA:255,6
DA:261,1
DA:353,2
DA:358,4
DA:360,2
DA:365,2
DA:366,2
DA:368,2
DA:369,2
DA:372,2
DA:373,2
DA:374,6
DA:376,1
DA:379,2
DA:380,2
DA:381,10
DA:388,2
DA:483,2
DA:488,2
DA:489,2
DA:490,2
DA:491,2
DA:492,2
DA:497,2
DA:498,2
DA:499,4
DA:500,2
DA:502,1
DA:505,4
DA:506,2
DA:507,2
DA:508,2
DA:509,2
DA:515,2
DA:574,1
DA:575,1
DA:580,1
DA:582,1
DA:584,1
DA:585,2
DA:586,1
DA:588,1
DA:590,4
DA:593,1
DA:594,1
DA:596,1
DA:597,1
DA:602,1
DA:604,1
DA:606,1
DA:607,2
DA:608,1
DA:610,1
DA:612,4
DA:615,1
DA:616,1
DA:618,1
DA:619,1
DA:624,1
DA:626,1
DA:628,1
DA:629,2
DA:631,1
DA:633,1
DA:635,4
DA:638,1
DA:639,1
DA:640,1
DA:642,1
DA:643,1
DA:645,1
LF:95
LH:92
end_of_record
SF:D:\Users\Simon\Workspaces\cell\packages\cell_flow\lib\src\instruction\partition.dart
DA:96,3
DA:104,1
DA:105,3
DA:107,1
DA:109,7
DA:111,0
DA:112,0
DA:127,3
DA:131,3
DA:132,3
DA:133,1
DA:134,3
DA:135,1
DA:143,3
DA:144,3
DA:146,0
DA:147,3
DA:148,3
DA:255,4
DA:259,4
DA:260,3
DA:261,3
DA:264,3
DA:265,3
DA:266,6
DA:272,1
DA:369,2
DA:375,2
DA:376,2
DA:377,2
DA:379,2
DA:381,2
DA:382,4
DA:383,2
DA:390,1
DA:470,2
DA:474,6
DA:476,2
DA:482,2
DA:483,2
DA:486,2
DA:487,2
DA:490,2
DA:491,2
DA:492,2
DA:494,2
DA:497,1
DA:500,2
DA:501,2
DA:502,2
DA:503,2
DA:510,2
DA:618,2
DA:623,2
DA:624,2
DA:625,2
DA:628,2
DA:629,4
DA:630,2
DA:632,1
DA:703,1
DA:704,1
DA:709,1
DA:711,1
DA:713,1
DA:714,2
DA:715,1
DA:717,1
DA:719,4
DA:722,1
DA:723,1
DA:725,1
DA:726,1
DA:731,1
DA:733,1
DA:735,1
DA:736,2
DA:737,2
DA:738,2
DA:739,1
DA:741,1
DA:743,4
DA:746,1
DA:747,1
DA:749,1
DA:750,1
DA:755,1
DA:757,1
DA:759,1
DA:760,2
DA:761,1
DA:763,1
DA:765,4
DA:768,1
DA:769,1
DA:771,1
DA:772,1
DA:777,1
DA:779,1
DA:781,1
DA:782,2
DA:783,1
DA:785,1
DA:787,4
DA:790,1
DA:791,1
DA:793,1
DA:794,1
DA:796,1
LF:109
LH:106
end_of_record
SF:D:\Users\Simon\Workspaces\cell\packages\cell_flow\lib\src\instruction\routing.dart
DA:32,3
DA:36,3
DA:37,3
DA:38,1
DA:39,3
DA:40,1
DA:47,3
DA:48,3
DA:50,0
DA:51,3
DA:52,3
DA:59,2
DA:195,3
DA:201,3
DA:202,3
DA:203,3
DA:205,3
DA:207,3
DA:208,6
DA:209,3
DA:216,1
DA:327,2
DA:332,2
DA:333,2
DA:334,2
DA:336,2
DA:338,6
DA:339,6
DA:340,2
DA:341,6
DA:344,2
DA:349,4
DA:351,1
DA:471,2
DA:477,2
DA:478,2
DA:479,2
DA:481,2
DA:483,2
DA:484,2
DA:486,6
DA:489,2
DA:491,1
DA:597,2
DA:601,2
DA:602,2
DA:603,2
DA:605,2
DA:607,2
DA:608,2
DA:615,1
DA:683,1
DA:684,1
DA:686,1
DA:687,1
DA:688,1
DA:689,2
DA:690,2
DA:691,2
DA:692,1
DA:693,1
DA:695,4
DA:697,1
DA:698,1
DA:699,1
DA:700,1
DA:702,1
DA:703,1
DA:704,2
DA:705,4
DA:706,4
DA:707,1
DA:708,1
DA:709,1
DA:711,4
DA:713,1
DA:714,1
DA:715,1
DA:716,1
DA:717,1
DA:719,1
DA:720,1
DA:721,1
DA:722,1
DA:723,1
DA:724,2
DA:725,2
DA:727,1
DA:728,1
DA:730,4
DA:732,1
DA:733,1
DA:734,1
DA:735,1
DA:737,1
DA:738,1
DA:739,4
DA:740,1
DA:742,4
DA:744,1
DA:745,1
DA:746,1
DA:747,1
DA:749,1
LF:104
LH:103
end_of_record
SF:D:\Users\Simon\Workspaces\cell\packages\cell_flow\lib\src\instruction\start_with.dart
DA:28,3
DA:32,3
DA:33,3
DA:34,1
DA:35,3
DA:36,1
DA:43,3
DA:44,3
DA:46,0
DA:47,3
DA:48,3
DA:53,2
DA:61,4
DA:62,2
DA:63,2
DA:72,4
DA:77,4
DA:78,4
DA:80,3
DA:81,3
DA:85,3
DA:86,3
DA:91,3
DA:93,4
DA:100,2
DA:110,2
DA:115,2
DA:116,2
DA:118,2
DA:119,2
DA:120,2
DA:124,2
DA:127,2
DA:129,2
DA:136,2
DA:141,2
DA:142,2
DA:144,2
DA:145,2
DA:150,4
DA:151,2
DA:160,1
DA:165,2
DA:167,2
DA:198,1
DA:199,1
DA:201,1
DA:202,1
DA:203,2
DA:204,1
DA:206,4
DA:208,1
DA:209,1
DA:210,1
DA:211,1
DA:213,1
DA:214,1
DA:215,2
DA:216,1
DA:218,4
DA:220,1
DA:221,1
DA:222,1
DA:224,1
DA:225,1
DA:226,3
DA:227,1
DA:229,4
DA:231,1
DA:232,1
DA:233,1
DA:235,1
DA:236,1
DA:237,4
DA:238,1
DA:239,1
DA:241,4
DA:243,1
DA:244,1
DA:245,1
DA:247,1
LF:81
LH:80
end_of_record
SF:D:\Users\Simon\Workspaces\cell\packages\cell_flow\lib\src\instruction\share.dart
DA:56,3
DA:60,3
DA:61,3
DA:62,1
DA:63,3
DA:64,1
DA:72,2
DA:73,2
DA:75,0
DA:76,2
DA:77,2
DA:137,4
DA:163,3
DA:164,6
DA:165,6
DA:166,18
DA:167,4
DA:180,10
DA:261,4
DA:264,8
DA:266,4
DA:270,4
DA:271,4
DA:273,3
DA:274,3
DA:276,6
DA:277,3
DA:279,4
DA:289,6
DA:357,2
DA:361,4
DA:363,2
DA:367,2
DA:368,2
DA:370,2
DA:371,2
DA:373,4
DA:374,2
DA:376,2
DA:456,4
DA:461,4
DA:462,8
DA:467,4
DA:471,4
DA:472,4
DA:474,3
DA:475,3
DA:477,6
DA:478,3
DA:480,4
DA:568,2
DA:573,2
DA:574,2
DA:576,2
DA:577,2
DA:581,4
DA:582,2
DA:583,2
DA:588,4
DA:590,2
DA:592,2
DA:668,1
DA:669,1
DA:674,1
DA:676,1
DA:678,1
DA:679,1
DA:681,1
DA:683,4
DA:686,1
DA:687,1
DA:689,3
DA:691,1
DA:692,1
DA:697,1
DA:699,1
DA:701,1
DA:702,1
DA:704,1
DA:706,4
DA:709,1
DA:710,1
DA:712,4
DA:714,1
DA:715,1
DA:720,1
DA:722,1
DA:724,1
DA:725,1
DA:727,1
DA:729,4
DA:732,1
DA:733,1
DA:734,1
DA:736,4
DA:738,1
DA:739,1
DA:744,1
DA:746,1
DA:749,2
DA:750,1
DA:752,1
DA:754,4
DA:757,1
DA:759,1
DA:760,1
DA:762,1
LF:107
LH:106
end_of_record
SF:D:\Users\Simon\Workspaces\cell\packages\cell_flow\lib\src\instruction\retry.dart
DA:61,3
DA:62,3
DA:64,0
DA:65,3
DA:66,3
DA:72,2
DA:73,2
DA:75,0
DA:77,2
DA:86,3
DA:87,9
DA:121,3
DA:138,3
DA:139,3
DA:140,3
DA:145,2
DA:146,3
DA:149,2
DA:150,4
DA:156,3
DA:277,3
DA:283,3
DA:284,3
DA:285,3
DA:286,3
DA:287,1
DA:288,1
DA:289,2
DA:291,1
DA:295,3
DA:305,6
DA:417,2
DA:423,2
DA:424,2
DA:425,2
DA:426,2
DA:427,1
DA:428,1
DA:429,2
DA:431,1
DA:435,2
DA:445,2
DA:447,2
DA:449,1
DA:532,2
DA:539,2
DA:540,2
DA:541,2
DA:542,2
DA:543,1
DA:544,1
DA:545,2
DA:547,1
DA:551,2
DA:561,2
DA:562,2
DA:563,2
DA:662,2
DA:671,2
DA:672,2
DA:673,2
DA:674,2
DA:675,1
DA:676,1
DA:677,2
DA:679,1
DA:683,2
DA:693,2
DA:694,2
DA:695,6
DA:697,2
DA:699,2
DA:700,4
DA:808,2
DA:815,2
DA:816,2
DA:817,2
DA:818,2
DA:819,1
DA:820,1
DA:821,2
DA:823,1
DA:827,2
DA:837,2
DA:838,4
DA:840,2
DA:842,1
DA:922,1
DA:923,1
DA:928,1
DA:931,1
DA:933,1
DA:934,1
DA:935,1
DA:936,3
DA:941,1
DA:942,1
DA:944,1
DA:946,4
DA:949,1
DA:950,1
DA:952,1
DA:953,1
DA:958,1
DA:960,1
DA:962,1
DA:963,2
DA:964,2
DA:965,1
DA:966,1
DA:968,1
DA:970,4
DA:973,1
DA:974,1
DA:976,1
DA:977,1
DA:982,1
DA:985,1
DA:987,1
DA:988,1
DA:989,1
DA:990,2
DA:996,1
DA:997,1
DA:999,1
DA:1001,4
DA:1004,1
DA:1005,1
DA:1007,1
DA:1008,1
DA:1013,1
DA:1016,1
DA:1018,1
DA:1019,1
DA:1020,1
DA:1021,2
DA:1027,1
DA:1028,1
DA:1030,1
DA:1032,4
DA:1035,1
DA:1036,1
DA:1038,1
DA:1039,1
DA:1044,1
DA:1046,1
DA:1048,1
DA:1049,1
DA:1050,2
DA:1051,1
DA:1052,1
DA:1054,1
DA:1056,4
DA:1059,1
DA:1060,1
DA:1062,1
DA:1063,1
DA:1065,1
LF:158
LH:156
end_of_record
SF:D:\Users\Simon\Workspaces\cell\packages\cell_flow\lib\src\instruction\tap.dart
DA:56,4
DA:60,4
DA:61,4
DA:62,1
DA:63,3
DA:64,1
DA:114,2
DA:218,4
DA:222,4
DA:223,4
DA:224,4
DA:227,8
DA:229,1
DA:232,4
DA:304,4
DA:308,4
DA:309,3
DA:311,3
DA:313,1
DA:316,3
DA:399,4
DA:403,4
DA:404,4
DA:406,3
DA:407,3
DA:410,6
DA:412,1
DA:415,3
DA:416,3
DA:418,4
DA:538,2
DA:544,4
DA:546,2
DA:551,2
DA:552,2
DA:554,2
DA:555,2
DA:558,8
DA:559,4
DA:561,1
DA:564,2
DA:566,2
DA:651,1
DA:652,1
DA:657,1
DA:659,1
DA:661,1
DA:662,3
DA:663,1
DA:665,1
DA:667,4
DA:670,1
DA:671,1
DA:673,1
DA:674,1
DA:679,1
DA:681,1
DA:683,1
DA:684,4
DA:685,1
DA:687,1
DA:689,4
DA:692,1
DA:693,1
DA:695,1
DA:696,1
DA:701,1
DA:703,1
DA:705,1
DA:706,3
DA:707,1
DA:709,1
DA:711,4
DA:714,1
DA:715,1
DA:717,1
DA:718,1
DA:723,1
DA:725,1
DA:727,1
DA:729,2
DA:732,1
DA:734,1
DA:736,4
DA:739,1
DA:740,1
DA:742,6
DA:744,1
DA:745,1
DA:747,1
LF:90
LH:90
end_of_record
SF:D:\Users\Simon\Workspaces\cell\packages\cell_flow\lib\src\instruction\merge.dart
DA:33,1
DA:34,1
DA:36,0
DA:37,1
DA:38,1
DA:43,2
DA:45,1
DA:51,0
DA:53,1
DA:54,2
DA:55,0
DA:56,1
DA:61,1
DA:63,1
DA:67,2
DA:68,2
DA:69,0
DA:70,1
DA:75,1
DA:194,1
DA:199,1
DA:200,1
DA:201,1
DA:203,1
DA:204,1
DA:205,1
DA:206,1
DA:209,2
DA:210,1
DA:212,1
DA:213,1
DA:214,1
DA:215,0
DA:216,0
DA:217,0
DA:219,0
DA:223,2
DA:224,1
DA:226,1
DA:230,1
DA:237,1
DA:238,1
DA:239,1
DA:240,1
DA:241,2
DA:243,1
DA:247,1
DA:249,1
DA:344,1
DA:450,1
DA:453,1
DA:454,1
DA:455,1
DA:457,3
DA:458,1
DA:459,1
DA:460,1
DA:466,1
DA:470,1
DA:540,0
DA:541,0
DA:543,0
DA:544,0
DA:545,0
DA:546,0
DA:547,0
DA:549,0
DA:551,0
DA:552,0
DA:553,0
DA:554,0
DA:555,0
DA:556,0
DA:558,0
DA:559,0
DA:560,0
DA:561,0
DA:563,0
DA:564,0
DA:566,0
DA:568,0
DA:569,0
DA:570,0
DA:571,0
DA:572,0
DA:573,0
DA:575,0
DA:576,0
DA:577,0
DA:578,0
DA:580,0
DA:582,0
DA:583,0
DA:584,0
DA:585,0
DA:586,0
DA:588,0
LF:97
LH:51
end_of_record
